Copyright 1986-2017 Xilinx, Inc. All Rights Reserved.
-----------------------------------------------------------------------------------------------------------------------------------------------
| Tool Version : Vivado v.2017.4 (win64) Build 2086221 Fri Dec 15 20:55:39 MST 2017
| Date         : Mon Mar  7 12:20:26 2022
| Host         : DESKTOP-B8HCSQT running 64-bit major release  (build 9200)
| Command      : report_timing_summary -max_paths 10 -file FSM_timing_summary_routed.rpt -rpx FSM_timing_summary_routed.rpx -warn_on_violation
| Design       : FSM
| Device       : 7a35t-cpg236
| Speed File   : -1  PRODUCTION 1.20 2017-11-01
-----------------------------------------------------------------------------------------------------------------------------------------------

Timing Summary Report

------------------------------------------------------------------------------------------------
| Timer Settings
| --------------
------------------------------------------------------------------------------------------------

  Enable Multi Corner Analysis               :  Yes
  Enable Pessimism Removal                   :  Yes
  Pessimism Removal Resolution               :  Nearest Common Node
  Enable Input Delay Default Clock           :  No
  Enable Preset / Clear Arcs                 :  No
  Disable Flight Delays                      :  No
  Ignore I/O Paths                           :  No
  Timing Early Launch at Borrowing Latches   :  false

  Corner  Analyze    Analyze    
  Name    Max Paths  Min Paths  
  ------  ---------  ---------  
  Slow    Yes        Yes        
  Fast    Yes        Yes        



check_timing report

Table of Contents
-----------------
1. checking no_clock
2. checking constant_clock
3. checking pulse_width_clock
4. checking unconstrained_internal_endpoints
5. checking no_input_delay
6. checking no_output_delay
7. checking multiple_clock
8. checking generated_clocks
9. checking loops
10. checking partial_input_delay
11. checking partial_output_delay
12. checking latch_loops

1. checking no_clock
--------------------
 There are 34 register/latch pins with no clock driven by root clock pin: sw[0] (HIGH)

 There are 30 register/latch pins with no clock driven by root clock pin: sw[1] (HIGH)

 There are 34 register/latch pins with no clock driven by root clock pin: sw[2] (HIGH)

 There are 8 register/latch pins with no clock driven by root clock pin: clkgen_0/tmp_clk_reg/Q (HIGH)

 There are 5 register/latch pins with no clock driven by root clock pin: count1_reg[10]/Q (HIGH)

 There are 5 register/latch pins with no clock driven by root clock pin: count1_reg[11]/Q (HIGH)

 There are 5 register/latch pins with no clock driven by root clock pin: count1_reg[12]/Q (HIGH)

 There are 5 register/latch pins with no clock driven by root clock pin: count1_reg[13]/Q (HIGH)

 There are 5 register/latch pins with no clock driven by root clock pin: count1_reg[14]/Q (HIGH)

 There are 5 register/latch pins with no clock driven by root clock pin: count1_reg[15]/Q (HIGH)

 There are 5 register/latch pins with no clock driven by root clock pin: count1_reg[16]/Q (HIGH)

 There are 5 register/latch pins with no clock driven by root clock pin: count1_reg[17]/Q (HIGH)

 There are 5 register/latch pins with no clock driven by root clock pin: count1_reg[18]/Q (HIGH)

 There are 5 register/latch pins with no clock driven by root clock pin: count1_reg[19]/Q (HIGH)

 There are 5 register/latch pins with no clock driven by root clock pin: count1_reg[20]/Q (HIGH)

 There are 5 register/latch pins with no clock driven by root clock pin: count1_reg[21]/Q (HIGH)

 There are 5 register/latch pins with no clock driven by root clock pin: count1_reg[5]/Q (HIGH)

 There are 5 register/latch pins with no clock driven by root clock pin: count1_reg[6]/Q (HIGH)

 There are 5 register/latch pins with no clock driven by root clock pin: count1_reg[7]/Q (HIGH)

 There are 5 register/latch pins with no clock driven by root clock pin: count1_reg[8]/Q (HIGH)

 There are 5 register/latch pins with no clock driven by root clock pin: count1_reg[9]/Q (HIGH)

 There are 26 register/latch pins with no clock driven by root clock pin: state_l_reg[0]/Q (HIGH)

 There are 26 register/latch pins with no clock driven by root clock pin: state_l_reg[1]/Q (HIGH)

 There are 26 register/latch pins with no clock driven by root clock pin: state_l_reg[2]/Q (HIGH)

 There are 26 register/latch pins with no clock driven by root clock pin: state_l_reg[3]/Q (HIGH)

 There are 30 register/latch pins with no clock driven by root clock pin: state_r_reg[0]/Q (HIGH)

 There are 30 register/latch pins with no clock driven by root clock pin: state_r_reg[1]/Q (HIGH)

 There are 30 register/latch pins with no clock driven by root clock pin: state_r_reg[2]/Q (HIGH)

 There are 30 register/latch pins with no clock driven by root clock pin: state_r_reg[3]/Q (HIGH)


2. checking constant_clock
--------------------------
 There are 0 register/latch pins with constant_clock.


3. checking pulse_width_clock
-----------------------------
 There are 0 register/latch pins which need pulse_width check


4. checking unconstrained_internal_endpoints
--------------------------------------------
 There are 46 pins that are not constrained for maximum delay. (HIGH)

 There are 0 pins that are not constrained for maximum delay due to constant clock.


5. checking no_input_delay
--------------------------
 There are 3 input ports with no input delay specified. (HIGH)

 There are 0 input ports with no input delay but user has a false path constraint.


6. checking no_output_delay
---------------------------
 There are 8 ports with no output delay specified. (HIGH)

 There are 0 ports with no output delay but user has a false path constraint

 There are 0 ports with no output delay but with a timing clock defined on it or propagating through it


7. checking multiple_clock
--------------------------
 There are 0 register/latch pins with multiple clocks.


8. checking generated_clocks
----------------------------
 There are 0 generated clocks that are not connected to a clock source.


9. checking loops
-----------------
 There are 0 combinational loops in the design.


10. checking partial_input_delay
--------------------------------
 There are 0 input ports with partial input delay specified.


11. checking partial_output_delay
---------------------------------
 There are 0 ports with partial output delay specified.


12. checking latch_loops
------------------------
 There are 5 combinational latch loops in the design through latch input (HIGH)



------------------------------------------------------------------------------------------------
| Design Timing Summary
| ---------------------
------------------------------------------------------------------------------------------------

    WNS(ns)      TNS(ns)  TNS Failing Endpoints  TNS Total Endpoints      WHS(ns)      THS(ns)  THS Failing Endpoints  THS Total Endpoints     WPWS(ns)     TPWS(ns)  TPWS Failing Endpoints  TPWS Total Endpoints  
    -------      -------  ---------------------  -------------------      -------      -------  ---------------------  -------------------     --------     --------  ----------------------  --------------------  
      5.830        0.000                      0                   53        0.268        0.000                      0                   53        4.500        0.000                       0                    28  


All user specified timing constraints are met.


------------------------------------------------------------------------------------------------
| Clock Summary
| -------------
------------------------------------------------------------------------------------------------

Clock        Waveform(ns)       Period(ns)      Frequency(MHz)
-----        ------------       ----------      --------------
sys_clk_pin  {0.000 5.000}      10.000          100.000         


------------------------------------------------------------------------------------------------
| Intra Clock Table
| -----------------
------------------------------------------------------------------------------------------------

Clock             WNS(ns)      TNS(ns)  TNS Failing Endpoints  TNS Total Endpoints      WHS(ns)      THS(ns)  THS Failing Endpoints  THS Total Endpoints     WPWS(ns)     TPWS(ns)  TPWS Failing Endpoints  TPWS Total Endpoints  
-----             -------      -------  ---------------------  -------------------      -------      -------  ---------------------  -------------------     --------     --------  ----------------------  --------------------  
sys_clk_pin         5.830        0.000                      0                   53        0.268        0.000                      0                   53        4.500        0.000                       0                    28  


------------------------------------------------------------------------------------------------
| Inter Clock Table
| -----------------
------------------------------------------------------------------------------------------------

From Clock    To Clock          WNS(ns)      TNS(ns)  TNS Failing Endpoints  TNS Total Endpoints      WHS(ns)      THS(ns)  THS Failing Endpoints  THS Total Endpoints  
----------    --------          -------      -------  ---------------------  -------------------      -------      -------  ---------------------  -------------------  


------------------------------------------------------------------------------------------------
| Other Path Groups Table
| -----------------------
------------------------------------------------------------------------------------------------

Path Group    From Clock    To Clock          WNS(ns)      TNS(ns)  TNS Failing Endpoints  TNS Total Endpoints      WHS(ns)      THS(ns)  THS Failing Endpoints  THS Total Endpoints  
----------    ----------    --------          -------      -------  ---------------------  -------------------      -------      -------  ---------------------  -------------------  


------------------------------------------------------------------------------------------------
| Timing Details
| --------------
------------------------------------------------------------------------------------------------


---------------------------------------------------------------------------------------------------
From Clock:  sys_clk_pin
  To Clock:  sys_clk_pin

Setup :            0  Failing Endpoints,  Worst Slack        5.830ns,  Total Violation        0.000ns
Hold  :            0  Failing Endpoints,  Worst Slack        0.268ns,  Total Violation        0.000ns
PW    :            0  Failing Endpoints,  Worst Slack        4.500ns,  Total Violation        0.000ns
---------------------------------------------------------------------------------------------------


Max Delay Paths
--------------------------------------------------------------------------------------
Slack (MET) :             5.830ns  (required time - arrival time)
  Source:                 clkgen_0/count_reg[11]/C
                            (rising edge-triggered cell FDRE clocked by sys_clk_pin  {rise@0.000ns fall@5.000ns period=10.000ns})
  Destination:            clkgen_0/count_reg[0]/R
                            (rising edge-triggered cell FDRE clocked by sys_clk_pin  {rise@0.000ns fall@5.000ns period=10.000ns})
  Path Group:             sys_clk_pin
  Path Type:              Setup (Max at Slow Process Corner)
  Requirement:            10.000ns  (sys_clk_pin rise@10.000ns - sys_clk_pin rise@0.000ns)
  Data Path Delay:        3.683ns  (logic 0.704ns (19.115%)  route 2.979ns (80.885%))
  Logic Levels:           2  (LUT6=2)
  Clock Path Skew:        -0.023ns (DCD - SCD + CPR)
    Destination Clock Delay (DCD):    4.858ns = ( 14.858 - 10.000 ) 
    Source Clock Delay      (SCD):    5.155ns
    Clock Pessimism Removal (CPR):    0.274ns
  Clock Uncertainty:      0.035ns  ((TSJ^2 + TIJ^2)^1/2 + DJ) / 2 + PE
    Total System Jitter     (TSJ):    0.071ns
    Total Input Jitter      (TIJ):    0.000ns
    Discrete Jitter          (DJ):    0.000ns
    Phase Error              (PE):    0.000ns

    Location             Delay type                Incr(ns)  Path(ns)    Netlist Resource(s)
  -------------------------------------------------------------------    -------------------
                         (clock sys_clk_pin rise edge)
                                                      0.000     0.000 r  
    W5                                                0.000     0.000 r  clk (IN)
                         net (fo=0)                   0.000     0.000    clk
    W5                   IBUF (Prop_ibuf_I_O)         1.458     1.458 r  clk_IBUF_inst/O
                         net (fo=1, routed)           1.967     3.425    clk_IBUF
    BUFGCTRL_X0Y0        BUFG (Prop_bufg_I_O)         0.096     3.521 r  clk_IBUF_BUFG_inst/O
                         net (fo=27, routed)          1.634     5.155    clkgen_0/clk
    SLICE_X0Y12          FDRE                                         r  clkgen_0/count_reg[11]/C
  -------------------------------------------------------------------    -------------------
    SLICE_X0Y12          FDRE (Prop_fdre_C_Q)         0.456     5.611 r  clkgen_0/count_reg[11]/Q
                         net (fo=2, routed)           1.400     7.012    clkgen_0/count_reg[11]
    SLICE_X1Y13          LUT6 (Prop_lut6_I1_O)        0.124     7.136 f  clkgen_0/count[0]_i_3/O
                         net (fo=1, routed)           0.634     7.770    clkgen_0/count[0]_i_3_n_0
    SLICE_X1Y14          LUT6 (Prop_lut6_I0_O)        0.124     7.894 r  clkgen_0/count[0]_i_1/O
                         net (fo=27, routed)          0.944     8.838    clkgen_0/clear
    SLICE_X0Y10          FDRE                                         r  clkgen_0/count_reg[0]/R
  -------------------------------------------------------------------    -------------------

                         (clock sys_clk_pin rise edge)
                                                     10.000    10.000 r  
    W5                                                0.000    10.000 r  clk (IN)
                         net (fo=0)                   0.000    10.000    clk
    W5                   IBUF (Prop_ibuf_I_O)         1.388    11.388 r  clk_IBUF_inst/O
                         net (fo=1, routed)           1.862    13.250    clk_IBUF
    BUFGCTRL_X0Y0        BUFG (Prop_bufg_I_O)         0.091    13.341 r  clk_IBUF_BUFG_inst/O
                         net (fo=27, routed)          1.517    14.858    clkgen_0/clk
    SLICE_X0Y10          FDRE                                         r  clkgen_0/count_reg[0]/C
                         clock pessimism              0.274    15.132    
                         clock uncertainty           -0.035    15.097    
    SLICE_X0Y10          FDRE (Setup_fdre_C_R)       -0.429    14.668    clkgen_0/count_reg[0]
  -------------------------------------------------------------------
                         required time                         14.668    
                         arrival time                          -8.838    
  -------------------------------------------------------------------
                         slack                                  5.830    

Slack (MET) :             5.830ns  (required time - arrival time)
  Source:                 clkgen_0/count_reg[11]/C
                            (rising edge-triggered cell FDRE clocked by sys_clk_pin  {rise@0.000ns fall@5.000ns period=10.000ns})
  Destination:            clkgen_0/count_reg[1]/R
                            (rising edge-triggered cell FDRE clocked by sys_clk_pin  {rise@0.000ns fall@5.000ns period=10.000ns})
  Path Group:             sys_clk_pin
  Path Type:              Setup (Max at Slow Process Corner)
  Requirement:            10.000ns  (sys_clk_pin rise@10.000ns - sys_clk_pin rise@0.000ns)
  Data Path Delay:        3.683ns  (logic 0.704ns (19.115%)  route 2.979ns (80.885%))
  Logic Levels:           2  (LUT6=2)
  Clock Path Skew:        -0.023ns (DCD - SCD + CPR)
    Destination Clock Delay (DCD):    4.858ns = ( 14.858 - 10.000 ) 
    Source Clock Delay      (SCD):    5.155ns
    Clock Pessimism Removal (CPR):    0.274ns
  Clock Uncertainty:      0.035ns  ((TSJ^2 + TIJ^2)^1/2 + DJ) / 2 + PE
    Total System Jitter     (TSJ):    0.071ns
    Total Input Jitter      (TIJ):    0.000ns
    Discrete Jitter          (DJ):    0.000ns
    Phase Error              (PE):    0.000ns

    Location             Delay type                Incr(ns)  Path(ns)    Netlist Resource(s)
  -------------------------------------------------------------------    -------------------
                         (clock sys_clk_pin rise edge)
                                                      0.000     0.000 r  
    W5                                                0.000     0.000 r  clk (IN)
                         net (fo=0)                   0.000     0.000    clk
    W5                   IBUF (Prop_ibuf_I_O)         1.458     1.458 r  clk_IBUF_inst/O
                         net (fo=1, routed)           1.967     3.425    clk_IBUF
    BUFGCTRL_X0Y0        BUFG (Prop_bufg_I_O)         0.096     3.521 r  clk_IBUF_BUFG_inst/O
                         net (fo=27, routed)          1.634     5.155    clkgen_0/clk
    SLICE_X0Y12          FDRE                                         r  clkgen_0/count_reg[11]/C
  -------------------------------------------------------------------    -------------------
    SLICE_X0Y12          FDRE (Prop_fdre_C_Q)         0.456     5.611 r  clkgen_0/count_reg[11]/Q
                         net (fo=2, routed)           1.400     7.012    clkgen_0/count_reg[11]
    SLICE_X1Y13          LUT6 (Prop_lut6_I1_O)        0.124     7.136 f  clkgen_0/count[0]_i_3/O
                         net (fo=1, routed)           0.634     7.770    clkgen_0/count[0]_i_3_n_0
    SLICE_X1Y14          LUT6 (Prop_lut6_I0_O)        0.124     7.894 r  clkgen_0/count[0]_i_1/O
                         net (fo=27, routed)          0.944     8.838    clkgen_0/clear
    SLICE_X0Y10          FDRE                                         r  clkgen_0/count_reg[1]/R
  -------------------------------------------------------------------    -------------------

                         (clock sys_clk_pin rise edge)
                                                     10.000    10.000 r  
    W5                                                0.000    10.000 r  clk (IN)
                         net (fo=0)                   0.000    10.000    clk
    W5                   IBUF (Prop_ibuf_I_O)         1.388    11.388 r  clk_IBUF_inst/O
                         net (fo=1, routed)           1.862    13.250    clk_IBUF
    BUFGCTRL_X0Y0        BUFG (Prop_bufg_I_O)         0.091    13.341 r  clk_IBUF_BUFG_inst/O
                         net (fo=27, routed)          1.517    14.858    clkgen_0/clk
    SLICE_X0Y10          FDRE                                         r  clkgen_0/count_reg[1]/C
                         clock pessimism              0.274    15.132    
                         clock uncertainty           -0.035    15.097    
    SLICE_X0Y10          FDRE (Setup_fdre_C_R)       -0.429    14.668    clkgen_0/count_reg[1]
  -------------------------------------------------------------------
                         required time                         14.668    
                         arrival time                          -8.838    
  -------------------------------------------------------------------
                         slack                                  5.830    

Slack (MET) :             5.830ns  (required time - arrival time)
  Source:                 clkgen_0/count_reg[11]/C
                            (rising edge-triggered cell FDRE clocked by sys_clk_pin  {rise@0.000ns fall@5.000ns period=10.000ns})
  Destination:            clkgen_0/count_reg[2]/R
                            (rising edge-triggered cell FDRE clocked by sys_clk_pin  {rise@0.000ns fall@5.000ns period=10.000ns})
  Path Group:             sys_clk_pin
  Path Type:              Setup (Max at Slow Process Corner)
  Requirement:            10.000ns  (sys_clk_pin rise@10.000ns - sys_clk_pin rise@0.000ns)
  Data Path Delay:        3.683ns  (logic 0.704ns (19.115%)  route 2.979ns (80.885%))
  Logic Levels:           2  (LUT6=2)
  Clock Path Skew:        -0.023ns (DCD - SCD + CPR)
    Destination Clock Delay (DCD):    4.858ns = ( 14.858 - 10.000 ) 
    Source Clock Delay      (SCD):    5.155ns
    Clock Pessimism Removal (CPR):    0.274ns
  Clock Uncertainty:      0.035ns  ((TSJ^2 + TIJ^2)^1/2 + DJ) / 2 + PE
    Total System Jitter     (TSJ):    0.071ns
    Total Input Jitter      (TIJ):    0.000ns
    Discrete Jitter          (DJ):    0.000ns
    Phase Error              (PE):    0.000ns

    Location             Delay type                Incr(ns)  Path(ns)    Netlist Resource(s)
  -------------------------------------------------------------------    -------------------
                         (clock sys_clk_pin rise edge)
                                                      0.000     0.000 r  
    W5                                                0.000     0.000 r  clk (IN)
                         net (fo=0)                   0.000     0.000    clk
    W5                   IBUF (Prop_ibuf_I_O)         1.458     1.458 r  clk_IBUF_inst/O
                         net (fo=1, routed)           1.967     3.425    clk_IBUF
    BUFGCTRL_X0Y0        BUFG (Prop_bufg_I_O)         0.096     3.521 r  clk_IBUF_BUFG_inst/O
                         net (fo=27, routed)          1.634     5.155    clkgen_0/clk
    SLICE_X0Y12          FDRE                                         r  clkgen_0/count_reg[11]/C
  -------------------------------------------------------------------    -------------------
    SLICE_X0Y12          FDRE (Prop_fdre_C_Q)         0.456     5.611 r  clkgen_0/count_reg[11]/Q
                         net (fo=2, routed)           1.400     7.012    clkgen_0/count_reg[11]
    SLICE_X1Y13          LUT6 (Prop_lut6_I1_O)        0.124     7.136 f  clkgen_0/count[0]_i_3/O
                         net (fo=1, routed)           0.634     7.770    clkgen_0/count[0]_i_3_n_0
    SLICE_X1Y14          LUT6 (Prop_lut6_I0_O)        0.124     7.894 r  clkgen_0/count[0]_i_1/O
                         net (fo=27, routed)          0.944     8.838    clkgen_0/clear
    SLICE_X0Y10          FDRE                                         r  clkgen_0/count_reg[2]/R
  -------------------------------------------------------------------    -------------------

                         (clock sys_clk_pin rise edge)
                                                     10.000    10.000 r  
    W5                                                0.000    10.000 r  clk (IN)
                         net (fo=0)                   0.000    10.000    clk
    W5                   IBUF (Prop_ibuf_I_O)         1.388    11.388 r  clk_IBUF_inst/O
                         net (fo=1, routed)           1.862    13.250    clk_IBUF
    BUFGCTRL_X0Y0        BUFG (Prop_bufg_I_O)         0.091    13.341 r  clk_IBUF_BUFG_inst/O
                         net (fo=27, routed)          1.517    14.858    clkgen_0/clk
    SLICE_X0Y10          FDRE                                         r  clkgen_0/count_reg[2]/C
                         clock pessimism              0.274    15.132    
                         clock uncertainty           -0.035    15.097    
    SLICE_X0Y10          FDRE (Setup_fdre_C_R)       -0.429    14.668    clkgen_0/count_reg[2]
  -------------------------------------------------------------------
                         required time                         14.668    
                         arrival time                          -8.838    
  -------------------------------------------------------------------
                         slack                                  5.830    

Slack (MET) :             5.830ns  (required time - arrival time)
  Source:                 clkgen_0/count_reg[11]/C
                            (rising edge-triggered cell FDRE clocked by sys_clk_pin  {rise@0.000ns fall@5.000ns period=10.000ns})
  Destination:            clkgen_0/count_reg[3]/R
                            (rising edge-triggered cell FDRE clocked by sys_clk_pin  {rise@0.000ns fall@5.000ns period=10.000ns})
  Path Group:             sys_clk_pin
  Path Type:              Setup (Max at Slow Process Corner)
  Requirement:            10.000ns  (sys_clk_pin rise@10.000ns - sys_clk_pin rise@0.000ns)
  Data Path Delay:        3.683ns  (logic 0.704ns (19.115%)  route 2.979ns (80.885%))
  Logic Levels:           2  (LUT6=2)
  Clock Path Skew:        -0.023ns (DCD - SCD + CPR)
    Destination Clock Delay (DCD):    4.858ns = ( 14.858 - 10.000 ) 
    Source Clock Delay      (SCD):    5.155ns
    Clock Pessimism Removal (CPR):    0.274ns
  Clock Uncertainty:      0.035ns  ((TSJ^2 + TIJ^2)^1/2 + DJ) / 2 + PE
    Total System Jitter     (TSJ):    0.071ns
    Total Input Jitter      (TIJ):    0.000ns
    Discrete Jitter          (DJ):    0.000ns
    Phase Error              (PE):    0.000ns

    Location             Delay type                Incr(ns)  Path(ns)    Netlist Resource(s)
  -------------------------------------------------------------------    -------------------
                         (clock sys_clk_pin rise edge)
                                                      0.000     0.000 r  
    W5                                                0.000     0.000 r  clk (IN)
                         net (fo=0)                   0.000     0.000    clk
    W5                   IBUF (Prop_ibuf_I_O)         1.458     1.458 r  clk_IBUF_inst/O
                         net (fo=1, routed)           1.967     3.425    clk_IBUF
    BUFGCTRL_X0Y0        BUFG (Prop_bufg_I_O)         0.096     3.521 r  clk_IBUF_BUFG_inst/O
                         net (fo=27, routed)          1.634     5.155    clkgen_0/clk
    SLICE_X0Y12          FDRE                                         r  clkgen_0/count_reg[11]/C
  -------------------------------------------------------------------    -------------------
    SLICE_X0Y12          FDRE (Prop_fdre_C_Q)         0.456     5.611 r  clkgen_0/count_reg[11]/Q
                         net (fo=2, routed)           1.400     7.012    clkgen_0/count_reg[11]
    SLICE_X1Y13          LUT6 (Prop_lut6_I1_O)        0.124     7.136 f  clkgen_0/count[0]_i_3/O
                         net (fo=1, routed)           0.634     7.770    clkgen_0/count[0]_i_3_n_0
    SLICE_X1Y14          LUT6 (Prop_lut6_I0_O)        0.124     7.894 r  clkgen_0/count[0]_i_1/O
                         net (fo=27, routed)          0.944     8.838    clkgen_0/clear
    SLICE_X0Y10          FDRE                                         r  clkgen_0/count_reg[3]/R
  -------------------------------------------------------------------    -------------------

                         (clock sys_clk_pin rise edge)
                                                     10.000    10.000 r  
    W5                                                0.000    10.000 r  clk (IN)
                         net (fo=0)                   0.000    10.000    clk
    W5                   IBUF (Prop_ibuf_I_O)         1.388    11.388 r  clk_IBUF_inst/O
                         net (fo=1, routed)           1.862    13.250    clk_IBUF
    BUFGCTRL_X0Y0        BUFG (Prop_bufg_I_O)         0.091    13.341 r  clk_IBUF_BUFG_inst/O
                         net (fo=27, routed)          1.517    14.858    clkgen_0/clk
    SLICE_X0Y10          FDRE                                         r  clkgen_0/count_reg[3]/C
                         clock pessimism              0.274    15.132    
                         clock uncertainty           -0.035    15.097    
    SLICE_X0Y10          FDRE (Setup_fdre_C_R)       -0.429    14.668    clkgen_0/count_reg[3]
  -------------------------------------------------------------------
                         required time                         14.668    
                         arrival time                          -8.838    
  -------------------------------------------------------------------
                         slack                                  5.830    

Slack (MET) :             5.993ns  (required time - arrival time)
  Source:                 clkgen_0/count_reg[11]/C
                            (rising edge-triggered cell FDRE clocked by sys_clk_pin  {rise@0.000ns fall@5.000ns period=10.000ns})
  Destination:            clkgen_0/count_reg[10]/R
                            (rising edge-triggered cell FDRE clocked by sys_clk_pin  {rise@0.000ns fall@5.000ns period=10.000ns})
  Path Group:             sys_clk_pin
  Path Type:              Setup (Max at Slow Process Corner)
  Requirement:            10.000ns  (sys_clk_pin rise@10.000ns - sys_clk_pin rise@0.000ns)
  Data Path Delay:        3.543ns  (logic 0.704ns (19.870%)  route 2.839ns (80.130%))
  Logic Levels:           2  (LUT6=2)
  Clock Path Skew:        0.000ns (DCD - SCD + CPR)
    Destination Clock Delay (DCD):    4.856ns = ( 14.856 - 10.000 ) 
    Source Clock Delay      (SCD):    5.155ns
    Clock Pessimism Removal (CPR):    0.299ns
  Clock Uncertainty:      0.035ns  ((TSJ^2 + TIJ^2)^1/2 + DJ) / 2 + PE
    Total System Jitter     (TSJ):    0.071ns
    Total Input Jitter      (TIJ):    0.000ns
    Discrete Jitter          (DJ):    0.000ns
    Phase Error              (PE):    0.000ns

    Location             Delay type                Incr(ns)  Path(ns)    Netlist Resource(s)
  -------------------------------------------------------------------    -------------------
                         (clock sys_clk_pin rise edge)
                                                      0.000     0.000 r  
    W5                                                0.000     0.000 r  clk (IN)
                         net (fo=0)                   0.000     0.000    clk
    W5                   IBUF (Prop_ibuf_I_O)         1.458     1.458 r  clk_IBUF_inst/O
                         net (fo=1, routed)           1.967     3.425    clk_IBUF
    BUFGCTRL_X0Y0        BUFG (Prop_bufg_I_O)         0.096     3.521 r  clk_IBUF_BUFG_inst/O
                         net (fo=27, routed)          1.634     5.155    clkgen_0/clk
    SLICE_X0Y12          FDRE                                         r  clkgen_0/count_reg[11]/C
  -------------------------------------------------------------------    -------------------
    SLICE_X0Y12          FDRE (Prop_fdre_C_Q)         0.456     5.611 r  clkgen_0/count_reg[11]/Q
                         net (fo=2, routed)           1.400     7.012    clkgen_0/count_reg[11]
    SLICE_X1Y13          LUT6 (Prop_lut6_I1_O)        0.124     7.136 f  clkgen_0/count[0]_i_3/O
                         net (fo=1, routed)           0.634     7.770    clkgen_0/count[0]_i_3_n_0
    SLICE_X1Y14          LUT6 (Prop_lut6_I0_O)        0.124     7.894 r  clkgen_0/count[0]_i_1/O
                         net (fo=27, routed)          0.804     8.698    clkgen_0/clear
    SLICE_X0Y12          FDRE                                         r  clkgen_0/count_reg[10]/R
  -------------------------------------------------------------------    -------------------

                         (clock sys_clk_pin rise edge)
                                                     10.000    10.000 r  
    W5                                                0.000    10.000 r  clk (IN)
                         net (fo=0)                   0.000    10.000    clk
    W5                   IBUF (Prop_ibuf_I_O)         1.388    11.388 r  clk_IBUF_inst/O
                         net (fo=1, routed)           1.862    13.250    clk_IBUF
    BUFGCTRL_X0Y0        BUFG (Prop_bufg_I_O)         0.091    13.341 r  clk_IBUF_BUFG_inst/O
                         net (fo=27, routed)          1.515    14.856    clkgen_0/clk
    SLICE_X0Y12          FDRE                                         r  clkgen_0/count_reg[10]/C
                         clock pessimism              0.299    15.155    
                         clock uncertainty           -0.035    15.120    
    SLICE_X0Y12          FDRE (Setup_fdre_C_R)       -0.429    14.691    clkgen_0/count_reg[10]
  -------------------------------------------------------------------
                         required time                         14.691    
                         arrival time                          -8.698    
  -------------------------------------------------------------------
                         slack                                  5.993    

Slack (MET) :             5.993ns  (required time - arrival time)
  Source:                 clkgen_0/count_reg[11]/C
                            (rising edge-triggered cell FDRE clocked by sys_clk_pin  {rise@0.000ns fall@5.000ns period=10.000ns})
  Destination:            clkgen_0/count_reg[11]/R
                            (rising edge-triggered cell FDRE clocked by sys_clk_pin  {rise@0.000ns fall@5.000ns period=10.000ns})
  Path Group:             sys_clk_pin
  Path Type:              Setup (Max at Slow Process Corner)
  Requirement:            10.000ns  (sys_clk_pin rise@10.000ns - sys_clk_pin rise@0.000ns)
  Data Path Delay:        3.543ns  (logic 0.704ns (19.870%)  route 2.839ns (80.130%))
  Logic Levels:           2  (LUT6=2)
  Clock Path Skew:        0.000ns (DCD - SCD + CPR)
    Destination Clock Delay (DCD):    4.856ns = ( 14.856 - 10.000 ) 
    Source Clock Delay      (SCD):    5.155ns
    Clock Pessimism Removal (CPR):    0.299ns
  Clock Uncertainty:      0.035ns  ((TSJ^2 + TIJ^2)^1/2 + DJ) / 2 + PE
    Total System Jitter     (TSJ):    0.071ns
    Total Input Jitter      (TIJ):    0.000ns
    Discrete Jitter          (DJ):    0.000ns
    Phase Error              (PE):    0.000ns

    Location             Delay type                Incr(ns)  Path(ns)    Netlist Resource(s)
  -------------------------------------------------------------------    -------------------
                         (clock sys_clk_pin rise edge)
                                                      0.000     0.000 r  
    W5                                                0.000     0.000 r  clk (IN)
                         net (fo=0)                   0.000     0.000    clk
    W5                   IBUF (Prop_ibuf_I_O)         1.458     1.458 r  clk_IBUF_inst/O
                         net (fo=1, routed)           1.967     3.425    clk_IBUF
    BUFGCTRL_X0Y0        BUFG (Prop_bufg_I_O)         0.096     3.521 r  clk_IBUF_BUFG_inst/O
                         net (fo=27, routed)          1.634     5.155    clkgen_0/clk
    SLICE_X0Y12          FDRE                                         r  clkgen_0/count_reg[11]/C
  -------------------------------------------------------------------    -------------------
    SLICE_X0Y12          FDRE (Prop_fdre_C_Q)         0.456     5.611 r  clkgen_0/count_reg[11]/Q
                         net (fo=2, routed)           1.400     7.012    clkgen_0/count_reg[11]
    SLICE_X1Y13          LUT6 (Prop_lut6_I1_O)        0.124     7.136 f  clkgen_0/count[0]_i_3/O
                         net (fo=1, routed)           0.634     7.770    clkgen_0/count[0]_i_3_n_0
    SLICE_X1Y14          LUT6 (Prop_lut6_I0_O)        0.124     7.894 r  clkgen_0/count[0]_i_1/O
                         net (fo=27, routed)          0.804     8.698    clkgen_0/clear
    SLICE_X0Y12          FDRE                                         r  clkgen_0/count_reg[11]/R
  -------------------------------------------------------------------    -------------------

                         (clock sys_clk_pin rise edge)
                                                     10.000    10.000 r  
    W5                                                0.000    10.000 r  clk (IN)
                         net (fo=0)                   0.000    10.000    clk
    W5                   IBUF (Prop_ibuf_I_O)         1.388    11.388 r  clk_IBUF_inst/O
                         net (fo=1, routed)           1.862    13.250    clk_IBUF
    BUFGCTRL_X0Y0        BUFG (Prop_bufg_I_O)         0.091    13.341 r  clk_IBUF_BUFG_inst/O
                         net (fo=27, routed)          1.515    14.856    clkgen_0/clk
    SLICE_X0Y12          FDRE                                         r  clkgen_0/count_reg[11]/C
                         clock pessimism              0.299    15.155    
                         clock uncertainty           -0.035    15.120    
    SLICE_X0Y12          FDRE (Setup_fdre_C_R)       -0.429    14.691    clkgen_0/count_reg[11]
  -------------------------------------------------------------------
                         required time                         14.691    
                         arrival time                          -8.698    
  -------------------------------------------------------------------
                         slack                                  5.993    

Slack (MET) :             5.993ns  (required time - arrival time)
  Source:                 clkgen_0/count_reg[11]/C
                            (rising edge-triggered cell FDRE clocked by sys_clk_pin  {rise@0.000ns fall@5.000ns period=10.000ns})
  Destination:            clkgen_0/count_reg[8]/R
                            (rising edge-triggered cell FDRE clocked by sys_clk_pin  {rise@0.000ns fall@5.000ns period=10.000ns})
  Path Group:             sys_clk_pin
  Path Type:              Setup (Max at Slow Process Corner)
  Requirement:            10.000ns  (sys_clk_pin rise@10.000ns - sys_clk_pin rise@0.000ns)
  Data Path Delay:        3.543ns  (logic 0.704ns (19.870%)  route 2.839ns (80.130%))
  Logic Levels:           2  (LUT6=2)
  Clock Path Skew:        0.000ns (DCD - SCD + CPR)
    Destination Clock Delay (DCD):    4.856ns = ( 14.856 - 10.000 ) 
    Source Clock Delay      (SCD):    5.155ns
    Clock Pessimism Removal (CPR):    0.299ns
  Clock Uncertainty:      0.035ns  ((TSJ^2 + TIJ^2)^1/2 + DJ) / 2 + PE
    Total System Jitter     (TSJ):    0.071ns
    Total Input Jitter      (TIJ):    0.000ns
    Discrete Jitter          (DJ):    0.000ns
    Phase Error              (PE):    0.000ns

    Location             Delay type                Incr(ns)  Path(ns)    Netlist Resource(s)
  -------------------------------------------------------------------    -------------------
                         (clock sys_clk_pin rise edge)
                                                      0.000     0.000 r  
    W5                                                0.000     0.000 r  clk (IN)
                         net (fo=0)                   0.000     0.000    clk
    W5                   IBUF (Prop_ibuf_I_O)         1.458     1.458 r  clk_IBUF_inst/O
                         net (fo=1, routed)           1.967     3.425    clk_IBUF
    BUFGCTRL_X0Y0        BUFG (Prop_bufg_I_O)         0.096     3.521 r  clk_IBUF_BUFG_inst/O
                         net (fo=27, routed)          1.634     5.155    clkgen_0/clk
    SLICE_X0Y12          FDRE                                         r  clkgen_0/count_reg[11]/C
  -------------------------------------------------------------------    -------------------
    SLICE_X0Y12          FDRE (Prop_fdre_C_Q)         0.456     5.611 r  clkgen_0/count_reg[11]/Q
                         net (fo=2, routed)           1.400     7.012    clkgen_0/count_reg[11]
    SLICE_X1Y13          LUT6 (Prop_lut6_I1_O)        0.124     7.136 f  clkgen_0/count[0]_i_3/O
                         net (fo=1, routed)           0.634     7.770    clkgen_0/count[0]_i_3_n_0
    SLICE_X1Y14          LUT6 (Prop_lut6_I0_O)        0.124     7.894 r  clkgen_0/count[0]_i_1/O
                         net (fo=27, routed)          0.804     8.698    clkgen_0/clear
    SLICE_X0Y12          FDRE                                         r  clkgen_0/count_reg[8]/R
  -------------------------------------------------------------------    -------------------

                         (clock sys_clk_pin rise edge)
                                                     10.000    10.000 r  
    W5                                                0.000    10.000 r  clk (IN)
                         net (fo=0)                   0.000    10.000    clk
    W5                   IBUF (Prop_ibuf_I_O)         1.388    11.388 r  clk_IBUF_inst/O
                         net (fo=1, routed)           1.862    13.250    clk_IBUF
    BUFGCTRL_X0Y0        BUFG (Prop_bufg_I_O)         0.091    13.341 r  clk_IBUF_BUFG_inst/O
                         net (fo=27, routed)          1.515    14.856    clkgen_0/clk
    SLICE_X0Y12          FDRE                                         r  clkgen_0/count_reg[8]/C
                         clock pessimism              0.299    15.155    
                         clock uncertainty           -0.035    15.120    
    SLICE_X0Y12          FDRE (Setup_fdre_C_R)       -0.429    14.691    clkgen_0/count_reg[8]
  -------------------------------------------------------------------
                         required time                         14.691    
                         arrival time                          -8.698    
  -------------------------------------------------------------------
                         slack                                  5.993    

Slack (MET) :             5.993ns  (required time - arrival time)
  Source:                 clkgen_0/count_reg[11]/C
                            (rising edge-triggered cell FDRE clocked by sys_clk_pin  {rise@0.000ns fall@5.000ns period=10.000ns})
  Destination:            clkgen_0/count_reg[9]/R
                            (rising edge-triggered cell FDRE clocked by sys_clk_pin  {rise@0.000ns fall@5.000ns period=10.000ns})
  Path Group:             sys_clk_pin
  Path Type:              Setup (Max at Slow Process Corner)
  Requirement:            10.000ns  (sys_clk_pin rise@10.000ns - sys_clk_pin rise@0.000ns)
  Data Path Delay:        3.543ns  (logic 0.704ns (19.870%)  route 2.839ns (80.130%))
  Logic Levels:           2  (LUT6=2)
  Clock Path Skew:        0.000ns (DCD - SCD + CPR)
    Destination Clock Delay (DCD):    4.856ns = ( 14.856 - 10.000 ) 
    Source Clock Delay      (SCD):    5.155ns
    Clock Pessimism Removal (CPR):    0.299ns
  Clock Uncertainty:      0.035ns  ((TSJ^2 + TIJ^2)^1/2 + DJ) / 2 + PE
    Total System Jitter     (TSJ):    0.071ns
    Total Input Jitter      (TIJ):    0.000ns
    Discrete Jitter          (DJ):    0.000ns
    Phase Error              (PE):    0.000ns

    Location             Delay type                Incr(ns)  Path(ns)    Netlist Resource(s)
  -------------------------------------------------------------------    -------------------
                         (clock sys_clk_pin rise edge)
                                                      0.000     0.000 r  
    W5                                                0.000     0.000 r  clk (IN)
                         net (fo=0)                   0.000     0.000    clk
    W5                   IBUF (Prop_ibuf_I_O)         1.458     1.458 r  clk_IBUF_inst/O
                         net (fo=1, routed)           1.967     3.425    clk_IBUF
    BUFGCTRL_X0Y0        BUFG (Prop_bufg_I_O)         0.096     3.521 r  clk_IBUF_BUFG_inst/O
                         net (fo=27, routed)          1.634     5.155    clkgen_0/clk
    SLICE_X0Y12          FDRE                                         r  clkgen_0/count_reg[11]/C
  -------------------------------------------------------------------    -------------------
    SLICE_X0Y12          FDRE (Prop_fdre_C_Q)         0.456     5.611 r  clkgen_0/count_reg[11]/Q
                         net (fo=2, routed)           1.400     7.012    clkgen_0/count_reg[11]
    SLICE_X1Y13          LUT6 (Prop_lut6_I1_O)        0.124     7.136 f  clkgen_0/count[0]_i_3/O
                         net (fo=1, routed)           0.634     7.770    clkgen_0/count[0]_i_3_n_0
    SLICE_X1Y14          LUT6 (Prop_lut6_I0_O)        0.124     7.894 r  clkgen_0/count[0]_i_1/O
                         net (fo=27, routed)          0.804     8.698    clkgen_0/clear
    SLICE_X0Y12          FDRE                                         r  clkgen_0/count_reg[9]/R
  -------------------------------------------------------------------    -------------------

                         (clock sys_clk_pin rise edge)
                                                     10.000    10.000 r  
    W5                                                0.000    10.000 r  clk (IN)
                         net (fo=0)                   0.000    10.000    clk
    W5                   IBUF (Prop_ibuf_I_O)         1.388    11.388 r  clk_IBUF_inst/O
                         net (fo=1, routed)           1.862    13.250    clk_IBUF
    BUFGCTRL_X0Y0        BUFG (Prop_bufg_I_O)         0.091    13.341 r  clk_IBUF_BUFG_inst/O
                         net (fo=27, routed)          1.515    14.856    clkgen_0/clk
    SLICE_X0Y12          FDRE                                         r  clkgen_0/count_reg[9]/C
                         clock pessimism              0.299    15.155    
                         clock uncertainty           -0.035    15.120    
    SLICE_X0Y12          FDRE (Setup_fdre_C_R)       -0.429    14.691    clkgen_0/count_reg[9]
  -------------------------------------------------------------------
                         required time                         14.691    
                         arrival time                          -8.698    
  -------------------------------------------------------------------
                         slack                                  5.993    

Slack (MET) :             6.016ns  (required time - arrival time)
  Source:                 clkgen_0/count_reg[11]/C
                            (rising edge-triggered cell FDRE clocked by sys_clk_pin  {rise@0.000ns fall@5.000ns period=10.000ns})
  Destination:            clkgen_0/count_reg[24]/R
                            (rising edge-triggered cell FDRE clocked by sys_clk_pin  {rise@0.000ns fall@5.000ns period=10.000ns})
  Path Group:             sys_clk_pin
  Path Type:              Setup (Max at Slow Process Corner)
  Requirement:            10.000ns  (sys_clk_pin rise@10.000ns - sys_clk_pin rise@0.000ns)
  Data Path Delay:        3.492ns  (logic 0.704ns (20.160%)  route 2.788ns (79.840%))
  Logic Levels:           2  (LUT6=2)
  Clock Path Skew:        -0.028ns (DCD - SCD + CPR)
    Destination Clock Delay (DCD):    4.853ns = ( 14.853 - 10.000 ) 
    Source Clock Delay      (SCD):    5.155ns
    Clock Pessimism Removal (CPR):    0.274ns
  Clock Uncertainty:      0.035ns  ((TSJ^2 + TIJ^2)^1/2 + DJ) / 2 + PE
    Total System Jitter     (TSJ):    0.071ns
    Total Input Jitter      (TIJ):    0.000ns
    Discrete Jitter          (DJ):    0.000ns
    Phase Error              (PE):    0.000ns

    Location             Delay type                Incr(ns)  Path(ns)    Netlist Resource(s)
  -------------------------------------------------------------------    -------------------
                         (clock sys_clk_pin rise edge)
                                                      0.000     0.000 r  
    W5                                                0.000     0.000 r  clk (IN)
                         net (fo=0)                   0.000     0.000    clk
    W5                   IBUF (Prop_ibuf_I_O)         1.458     1.458 r  clk_IBUF_inst/O
                         net (fo=1, routed)           1.967     3.425    clk_IBUF
    BUFGCTRL_X0Y0        BUFG (Prop_bufg_I_O)         0.096     3.521 r  clk_IBUF_BUFG_inst/O
                         net (fo=27, routed)          1.634     5.155    clkgen_0/clk
    SLICE_X0Y12          FDRE                                         r  clkgen_0/count_reg[11]/C
  -------------------------------------------------------------------    -------------------
    SLICE_X0Y12          FDRE (Prop_fdre_C_Q)         0.456     5.611 r  clkgen_0/count_reg[11]/Q
                         net (fo=2, routed)           1.400     7.012    clkgen_0/count_reg[11]
    SLICE_X1Y13          LUT6 (Prop_lut6_I1_O)        0.124     7.136 f  clkgen_0/count[0]_i_3/O
                         net (fo=1, routed)           0.634     7.770    clkgen_0/count[0]_i_3_n_0
    SLICE_X1Y14          LUT6 (Prop_lut6_I0_O)        0.124     7.894 r  clkgen_0/count[0]_i_1/O
                         net (fo=27, routed)          0.753     8.647    clkgen_0/clear
    SLICE_X0Y16          FDRE                                         r  clkgen_0/count_reg[24]/R
  -------------------------------------------------------------------    -------------------

                         (clock sys_clk_pin rise edge)
                                                     10.000    10.000 r  
    W5                                                0.000    10.000 r  clk (IN)
                         net (fo=0)                   0.000    10.000    clk
    W5                   IBUF (Prop_ibuf_I_O)         1.388    11.388 r  clk_IBUF_inst/O
                         net (fo=1, routed)           1.862    13.250    clk_IBUF
    BUFGCTRL_X0Y0        BUFG (Prop_bufg_I_O)         0.091    13.341 r  clk_IBUF_BUFG_inst/O
                         net (fo=27, routed)          1.512    14.853    clkgen_0/clk
    SLICE_X0Y16          FDRE                                         r  clkgen_0/count_reg[24]/C
                         clock pessimism              0.274    15.127    
                         clock uncertainty           -0.035    15.092    
    SLICE_X0Y16          FDRE (Setup_fdre_C_R)       -0.429    14.663    clkgen_0/count_reg[24]
  -------------------------------------------------------------------
                         required time                         14.663    
                         arrival time                          -8.647    
  -------------------------------------------------------------------
                         slack                                  6.016    

Slack (MET) :             6.016ns  (required time - arrival time)
  Source:                 clkgen_0/count_reg[11]/C
                            (rising edge-triggered cell FDRE clocked by sys_clk_pin  {rise@0.000ns fall@5.000ns period=10.000ns})
  Destination:            clkgen_0/count_reg[25]/R
                            (rising edge-triggered cell FDRE clocked by sys_clk_pin  {rise@0.000ns fall@5.000ns period=10.000ns})
  Path Group:             sys_clk_pin
  Path Type:              Setup (Max at Slow Process Corner)
  Requirement:            10.000ns  (sys_clk_pin rise@10.000ns - sys_clk_pin rise@0.000ns)
  Data Path Delay:        3.492ns  (logic 0.704ns (20.160%)  route 2.788ns (79.840%))
  Logic Levels:           2  (LUT6=2)
  Clock Path Skew:        -0.028ns (DCD - SCD + CPR)
    Destination Clock Delay (DCD):    4.853ns = ( 14.853 - 10.000 ) 
    Source Clock Delay      (SCD):    5.155ns
    Clock Pessimism Removal (CPR):    0.274ns
  Clock Uncertainty:      0.035ns  ((TSJ^2 + TIJ^2)^1/2 + DJ) / 2 + PE
    Total System Jitter     (TSJ):    0.071ns
    Total Input Jitter      (TIJ):    0.000ns
    Discrete Jitter          (DJ):    0.000ns
    Phase Error              (PE):    0.000ns

    Location             Delay type                Incr(ns)  Path(ns)    Netlist Resource(s)
  -------------------------------------------------------------------    -------------------
                         (clock sys_clk_pin rise edge)
                                                      0.000     0.000 r  
    W5                                                0.000     0.000 r  clk (IN)
                         net (fo=0)                   0.000     0.000    clk
    W5                   IBUF (Prop_ibuf_I_O)         1.458     1.458 r  clk_IBUF_inst/O
                         net (fo=1, routed)           1.967     3.425    clk_IBUF
    BUFGCTRL_X0Y0        BUFG (Prop_bufg_I_O)         0.096     3.521 r  clk_IBUF_BUFG_inst/O
                         net (fo=27, routed)          1.634     5.155    clkgen_0/clk
    SLICE_X0Y12          FDRE                                         r  clkgen_0/count_reg[11]/C
  -------------------------------------------------------------------    -------------------
    SLICE_X0Y12          FDRE (Prop_fdre_C_Q)         0.456     5.611 r  clkgen_0/count_reg[11]/Q
                         net (fo=2, routed)           1.400     7.012    clkgen_0/count_reg[11]
    SLICE_X1Y13          LUT6 (Prop_lut6_I1_O)        0.124     7.136 f  clkgen_0/count[0]_i_3/O
                         net (fo=1, routed)           0.634     7.770    clkgen_0/count[0]_i_3_n_0
    SLICE_X1Y14          LUT6 (Prop_lut6_I0_O)        0.124     7.894 r  clkgen_0/count[0]_i_1/O
                         net (fo=27, routed)          0.753     8.647    clkgen_0/clear
    SLICE_X0Y16          FDRE                                         r  clkgen_0/count_reg[25]/R
  -------------------------------------------------------------------    -------------------

                         (clock sys_clk_pin rise edge)
                                                     10.000    10.000 r  
    W5                                                0.000    10.000 r  clk (IN)
                         net (fo=0)                   0.000    10.000    clk
    W5                   IBUF (Prop_ibuf_I_O)         1.388    11.388 r  clk_IBUF_inst/O
                         net (fo=1, routed)           1.862    13.250    clk_IBUF
    BUFGCTRL_X0Y0        BUFG (Prop_bufg_I_O)         0.091    13.341 r  clk_IBUF_BUFG_inst/O
                         net (fo=27, routed)          1.512    14.853    clkgen_0/clk
    SLICE_X0Y16          FDRE                                         r  clkgen_0/count_reg[25]/C
                         clock pessimism              0.274    15.127    
                         clock uncertainty           -0.035    15.092    
    SLICE_X0Y16          FDRE (Setup_fdre_C_R)       -0.429    14.663    clkgen_0/count_reg[25]
  -------------------------------------------------------------------
                         required time                         14.663    
                         arrival time                          -8.647    
  -------------------------------------------------------------------
                         slack                                  6.016    





Min Delay Paths
--------------------------------------------------------------------------------------
Slack (MET) :             0.268ns  (arrival time - required time)
  Source:                 clkgen_0/count_reg[2]/C
                            (rising edge-triggered cell FDRE clocked by sys_clk_pin  {rise@0.000ns fall@5.000ns period=10.000ns})
  Destination:            clkgen_0/count_reg[2]/D
                            (rising edge-triggered cell FDRE clocked by sys_clk_pin  {rise@0.000ns fall@5.000ns period=10.000ns})
  Path Group:             sys_clk_pin
  Path Type:              Hold (Min at Fast Process Corner)
  Requirement:            0.000ns  (sys_clk_pin rise@0.000ns - sys_clk_pin rise@0.000ns)
  Data Path Delay:        0.373ns  (logic 0.252ns (67.478%)  route 0.121ns (32.522%))
  Logic Levels:           1  (CARRY4=1)
  Clock Path Skew:        0.000ns (DCD - SCD - CPR)
    Destination Clock Delay (DCD):    1.991ns
    Source Clock Delay      (SCD):    1.476ns
    Clock Pessimism Removal (CPR):    0.515ns

    Location             Delay type                Incr(ns)  Path(ns)    Netlist Resource(s)
  -------------------------------------------------------------------    -------------------
                         (clock sys_clk_pin rise edge)
                                                      0.000     0.000 r  
    W5                                                0.000     0.000 r  clk (IN)
                         net (fo=0)                   0.000     0.000    clk
    W5                   IBUF (Prop_ibuf_I_O)         0.226     0.226 r  clk_IBUF_inst/O
                         net (fo=1, routed)           0.631     0.858    clk_IBUF
    BUFGCTRL_X0Y0        BUFG (Prop_bufg_I_O)         0.026     0.884 r  clk_IBUF_BUFG_inst/O
                         net (fo=27, routed)          0.593     1.476    clkgen_0/clk
    SLICE_X0Y10          FDRE                                         r  clkgen_0/count_reg[2]/C
  -------------------------------------------------------------------    -------------------
    SLICE_X0Y10          FDRE (Prop_fdre_C_Q)         0.141     1.617 r  clkgen_0/count_reg[2]/Q
                         net (fo=1, routed)           0.121     1.739    clkgen_0/count_reg_n_0_[2]
    SLICE_X0Y10          CARRY4 (Prop_carry4_S[2]_O[2])
                                                      0.111     1.850 r  clkgen_0/count_reg[0]_i_2/O[2]
                         net (fo=1, routed)           0.000     1.850    clkgen_0/count_reg[0]_i_2_n_5
    SLICE_X0Y10          FDRE                                         r  clkgen_0/count_reg[2]/D
  -------------------------------------------------------------------    -------------------

                         (clock sys_clk_pin rise edge)
                                                      0.000     0.000 r  
    W5                                                0.000     0.000 r  clk (IN)
                         net (fo=0)                   0.000     0.000    clk
    W5                   IBUF (Prop_ibuf_I_O)         0.414     0.414 r  clk_IBUF_inst/O
                         net (fo=1, routed)           0.685     1.099    clk_IBUF
    BUFGCTRL_X0Y0        BUFG (Prop_bufg_I_O)         0.029     1.128 r  clk_IBUF_BUFG_inst/O
                         net (fo=27, routed)          0.864     1.991    clkgen_0/clk
    SLICE_X0Y10          FDRE                                         r  clkgen_0/count_reg[2]/C
                         clock pessimism             -0.515     1.476    
    SLICE_X0Y10          FDRE (Hold_fdre_C_D)         0.105     1.581    clkgen_0/count_reg[2]
  -------------------------------------------------------------------
                         required time                         -1.581    
                         arrival time                           1.850    
  -------------------------------------------------------------------
                         slack                                  0.268    

Slack (MET) :             0.275ns  (arrival time - required time)
  Source:                 clkgen_0/tmp_clk_reg/C
                            (rising edge-triggered cell FDRE clocked by sys_clk_pin  {rise@0.000ns fall@5.000ns period=10.000ns})
  Destination:            clkgen_0/tmp_clk_reg/D
                            (rising edge-triggered cell FDRE clocked by sys_clk_pin  {rise@0.000ns fall@5.000ns period=10.000ns})
  Path Group:             sys_clk_pin
  Path Type:              Hold (Min at Fast Process Corner)
  Requirement:            0.000ns  (sys_clk_pin rise@0.000ns - sys_clk_pin rise@0.000ns)
  Data Path Delay:        0.366ns  (logic 0.186ns (50.759%)  route 0.180ns (49.241%))
  Logic Levels:           1  (LUT2=1)
  Clock Path Skew:        0.000ns (DCD - SCD - CPR)
    Destination Clock Delay (DCD):    1.991ns
    Source Clock Delay      (SCD):    1.476ns
    Clock Pessimism Removal (CPR):    0.515ns

    Location             Delay type                Incr(ns)  Path(ns)    Netlist Resource(s)
  -------------------------------------------------------------------    -------------------
                         (clock sys_clk_pin rise edge)
                                                      0.000     0.000 r  
    W5                                                0.000     0.000 r  clk (IN)
                         net (fo=0)                   0.000     0.000    clk
    W5                   IBUF (Prop_ibuf_I_O)         0.226     0.226 r  clk_IBUF_inst/O
                         net (fo=1, routed)           0.631     0.858    clk_IBUF
    BUFGCTRL_X0Y0        BUFG (Prop_bufg_I_O)         0.026     0.884 r  clk_IBUF_BUFG_inst/O
                         net (fo=27, routed)          0.593     1.476    clkgen_0/clk
    SLICE_X1Y11          FDRE                                         r  clkgen_0/tmp_clk_reg/C
  -------------------------------------------------------------------    -------------------
    SLICE_X1Y11          FDRE (Prop_fdre_C_Q)         0.141     1.617 r  clkgen_0/tmp_clk_reg/Q
                         net (fo=9, routed)           0.180     1.798    clkgen_0/CLK
    SLICE_X1Y11          LUT2 (Prop_lut2_I1_O)        0.045     1.843 r  clkgen_0/tmp_clk_i_1/O
                         net (fo=1, routed)           0.000     1.843    clkgen_0/tmp_clk_i_1_n_0
    SLICE_X1Y11          FDRE                                         r  clkgen_0/tmp_clk_reg/D
  -------------------------------------------------------------------    -------------------

                         (clock sys_clk_pin rise edge)
                                                      0.000     0.000 r  
    W5                                                0.000     0.000 r  clk (IN)
                         net (fo=0)                   0.000     0.000    clk
    W5                   IBUF (Prop_ibuf_I_O)         0.414     0.414 r  clk_IBUF_inst/O
                         net (fo=1, routed)           0.685     1.099    clk_IBUF
    BUFGCTRL_X0Y0        BUFG (Prop_bufg_I_O)         0.029     1.128 r  clk_IBUF_BUFG_inst/O
                         net (fo=27, routed)          0.864     1.991    clkgen_0/clk
    SLICE_X1Y11          FDRE                                         r  clkgen_0/tmp_clk_reg/C
                         clock pessimism             -0.515     1.476    
    SLICE_X1Y11          FDRE (Hold_fdre_C_D)         0.091     1.567    clkgen_0/tmp_clk_reg
  -------------------------------------------------------------------
                         required time                         -1.567    
                         arrival time                           1.843    
  -------------------------------------------------------------------
                         slack                                  0.275    

Slack (MET) :             0.280ns  (arrival time - required time)
  Source:                 clkgen_0/count_reg[10]/C
                            (rising edge-triggered cell FDRE clocked by sys_clk_pin  {rise@0.000ns fall@5.000ns period=10.000ns})
  Destination:            clkgen_0/count_reg[10]/D
                            (rising edge-triggered cell FDRE clocked by sys_clk_pin  {rise@0.000ns fall@5.000ns period=10.000ns})
  Path Group:             sys_clk_pin
  Path Type:              Hold (Min at Fast Process Corner)
  Requirement:            0.000ns  (sys_clk_pin rise@0.000ns - sys_clk_pin rise@0.000ns)
  Data Path Delay:        0.385ns  (logic 0.252ns (65.529%)  route 0.133ns (34.471%))
  Logic Levels:           1  (CARRY4=1)
  Clock Path Skew:        0.000ns (DCD - SCD - CPR)
    Destination Clock Delay (DCD):    1.989ns
    Source Clock Delay      (SCD):    1.475ns
    Clock Pessimism Removal (CPR):    0.514ns

    Location             Delay type                Incr(ns)  Path(ns)    Netlist Resource(s)
  -------------------------------------------------------------------    -------------------
                         (clock sys_clk_pin rise edge)
                                                      0.000     0.000 r  
    W5                                                0.000     0.000 r  clk (IN)
                         net (fo=0)                   0.000     0.000    clk
    W5                   IBUF (Prop_ibuf_I_O)         0.226     0.226 r  clk_IBUF_inst/O
                         net (fo=1, routed)           0.631     0.858    clk_IBUF
    BUFGCTRL_X0Y0        BUFG (Prop_bufg_I_O)         0.026     0.884 r  clk_IBUF_BUFG_inst/O
                         net (fo=27, routed)          0.592     1.475    clkgen_0/clk
    SLICE_X0Y12          FDRE                                         r  clkgen_0/count_reg[10]/C
  -------------------------------------------------------------------    -------------------
    SLICE_X0Y12          FDRE (Prop_fdre_C_Q)         0.141     1.616 r  clkgen_0/count_reg[10]/Q
                         net (fo=2, routed)           0.133     1.749    clkgen_0/count_reg[10]
    SLICE_X0Y12          CARRY4 (Prop_carry4_S[2]_O[2])
                                                      0.111     1.860 r  clkgen_0/count_reg[8]_i_1/O[2]
                         net (fo=1, routed)           0.000     1.860    clkgen_0/count_reg[8]_i_1_n_5
    SLICE_X0Y12          FDRE                                         r  clkgen_0/count_reg[10]/D
  -------------------------------------------------------------------    -------------------

                         (clock sys_clk_pin rise edge)
                                                      0.000     0.000 r  
    W5                                                0.000     0.000 r  clk (IN)
                         net (fo=0)                   0.000     0.000    clk
    W5                   IBUF (Prop_ibuf_I_O)         0.414     0.414 r  clk_IBUF_inst/O
                         net (fo=1, routed)           0.685     1.099    clk_IBUF
    BUFGCTRL_X0Y0        BUFG (Prop_bufg_I_O)         0.029     1.128 r  clk_IBUF_BUFG_inst/O
                         net (fo=27, routed)          0.862     1.989    clkgen_0/clk
    SLICE_X0Y12          FDRE                                         r  clkgen_0/count_reg[10]/C
                         clock pessimism             -0.514     1.475    
    SLICE_X0Y12          FDRE (Hold_fdre_C_D)         0.105     1.580    clkgen_0/count_reg[10]
  -------------------------------------------------------------------
                         required time                         -1.580    
                         arrival time                           1.860    
  -------------------------------------------------------------------
                         slack                                  0.280    

Slack (MET) :             0.280ns  (arrival time - required time)
  Source:                 clkgen_0/count_reg[14]/C
                            (rising edge-triggered cell FDRE clocked by sys_clk_pin  {rise@0.000ns fall@5.000ns period=10.000ns})
  Destination:            clkgen_0/count_reg[14]/D
                            (rising edge-triggered cell FDRE clocked by sys_clk_pin  {rise@0.000ns fall@5.000ns period=10.000ns})
  Path Group:             sys_clk_pin
  Path Type:              Hold (Min at Fast Process Corner)
  Requirement:            0.000ns  (sys_clk_pin rise@0.000ns - sys_clk_pin rise@0.000ns)
  Data Path Delay:        0.385ns  (logic 0.252ns (65.529%)  route 0.133ns (34.471%))
  Logic Levels:           1  (CARRY4=1)
  Clock Path Skew:        0.000ns (DCD - SCD - CPR)
    Destination Clock Delay (DCD):    1.988ns
    Source Clock Delay      (SCD):    1.474ns
    Clock Pessimism Removal (CPR):    0.514ns

    Location             Delay type                Incr(ns)  Path(ns)    Netlist Resource(s)
  -------------------------------------------------------------------    -------------------
                         (clock sys_clk_pin rise edge)
                                                      0.000     0.000 r  
    W5                                                0.000     0.000 r  clk (IN)
                         net (fo=0)                   0.000     0.000    clk
    W5                   IBUF (Prop_ibuf_I_O)         0.226     0.226 r  clk_IBUF_inst/O
                         net (fo=1, routed)           0.631     0.858    clk_IBUF
    BUFGCTRL_X0Y0        BUFG (Prop_bufg_I_O)         0.026     0.884 r  clk_IBUF_BUFG_inst/O
                         net (fo=27, routed)          0.591     1.474    clkgen_0/clk
    SLICE_X0Y13          FDRE                                         r  clkgen_0/count_reg[14]/C
  -------------------------------------------------------------------    -------------------
    SLICE_X0Y13          FDRE (Prop_fdre_C_Q)         0.141     1.615 r  clkgen_0/count_reg[14]/Q
                         net (fo=2, routed)           0.133     1.748    clkgen_0/count_reg[14]
    SLICE_X0Y13          CARRY4 (Prop_carry4_S[2]_O[2])
                                                      0.111     1.859 r  clkgen_0/count_reg[12]_i_1/O[2]
                         net (fo=1, routed)           0.000     1.859    clkgen_0/count_reg[12]_i_1_n_5
    SLICE_X0Y13          FDRE                                         r  clkgen_0/count_reg[14]/D
  -------------------------------------------------------------------    -------------------

                         (clock sys_clk_pin rise edge)
                                                      0.000     0.000 r  
    W5                                                0.000     0.000 r  clk (IN)
                         net (fo=0)                   0.000     0.000    clk
    W5                   IBUF (Prop_ibuf_I_O)         0.414     0.414 r  clk_IBUF_inst/O
                         net (fo=1, routed)           0.685     1.099    clk_IBUF
    BUFGCTRL_X0Y0        BUFG (Prop_bufg_I_O)         0.029     1.128 r  clk_IBUF_BUFG_inst/O
                         net (fo=27, routed)          0.861     1.988    clkgen_0/clk
    SLICE_X0Y13          FDRE                                         r  clkgen_0/count_reg[14]/C
                         clock pessimism             -0.514     1.474    
    SLICE_X0Y13          FDRE (Hold_fdre_C_D)         0.105     1.579    clkgen_0/count_reg[14]
  -------------------------------------------------------------------
                         required time                         -1.579    
                         arrival time                           1.859    
  -------------------------------------------------------------------
                         slack                                  0.280    

Slack (MET) :             0.280ns  (arrival time - required time)
  Source:                 clkgen_0/count_reg[18]/C
                            (rising edge-triggered cell FDRE clocked by sys_clk_pin  {rise@0.000ns fall@5.000ns period=10.000ns})
  Destination:            clkgen_0/count_reg[18]/D
                            (rising edge-triggered cell FDRE clocked by sys_clk_pin  {rise@0.000ns fall@5.000ns period=10.000ns})
  Path Group:             sys_clk_pin
  Path Type:              Hold (Min at Fast Process Corner)
  Requirement:            0.000ns  (sys_clk_pin rise@0.000ns - sys_clk_pin rise@0.000ns)
  Data Path Delay:        0.385ns  (logic 0.252ns (65.465%)  route 0.133ns (34.535%))
  Logic Levels:           1  (CARRY4=1)
  Clock Path Skew:        0.000ns (DCD - SCD - CPR)
    Destination Clock Delay (DCD):    1.988ns
    Source Clock Delay      (SCD):    1.474ns
    Clock Pessimism Removal (CPR):    0.514ns

    Location             Delay type                Incr(ns)  Path(ns)    Netlist Resource(s)
  -------------------------------------------------------------------    -------------------
                         (clock sys_clk_pin rise edge)
                                                      0.000     0.000 r  
    W5                                                0.000     0.000 r  clk (IN)
                         net (fo=0)                   0.000     0.000    clk
    W5                   IBUF (Prop_ibuf_I_O)         0.226     0.226 r  clk_IBUF_inst/O
                         net (fo=1, routed)           0.631     0.858    clk_IBUF
    BUFGCTRL_X0Y0        BUFG (Prop_bufg_I_O)         0.026     0.884 r  clk_IBUF_BUFG_inst/O
                         net (fo=27, routed)          0.591     1.474    clkgen_0/clk
    SLICE_X0Y14          FDRE                                         r  clkgen_0/count_reg[18]/C
  -------------------------------------------------------------------    -------------------
    SLICE_X0Y14          FDRE (Prop_fdre_C_Q)         0.141     1.615 r  clkgen_0/count_reg[18]/Q
                         net (fo=2, routed)           0.133     1.748    clkgen_0/count_reg[18]
    SLICE_X0Y14          CARRY4 (Prop_carry4_S[2]_O[2])
                                                      0.111     1.859 r  clkgen_0/count_reg[16]_i_1/O[2]
                         net (fo=1, routed)           0.000     1.859    clkgen_0/count_reg[16]_i_1_n_5
    SLICE_X0Y14          FDRE                                         r  clkgen_0/count_reg[18]/D
  -------------------------------------------------------------------    -------------------

                         (clock sys_clk_pin rise edge)
                                                      0.000     0.000 r  
    W5                                                0.000     0.000 r  clk (IN)
                         net (fo=0)                   0.000     0.000    clk
    W5                   IBUF (Prop_ibuf_I_O)         0.414     0.414 r  clk_IBUF_inst/O
                         net (fo=1, routed)           0.685     1.099    clk_IBUF
    BUFGCTRL_X0Y0        BUFG (Prop_bufg_I_O)         0.029     1.128 r  clk_IBUF_BUFG_inst/O
                         net (fo=27, routed)          0.861     1.988    clkgen_0/clk
    SLICE_X0Y14          FDRE                                         r  clkgen_0/count_reg[18]/C
                         clock pessimism             -0.514     1.474    
    SLICE_X0Y14          FDRE (Hold_fdre_C_D)         0.105     1.579    clkgen_0/count_reg[18]
  -------------------------------------------------------------------
                         required time                         -1.579    
                         arrival time                           1.859    
  -------------------------------------------------------------------
                         slack                                  0.280    

Slack (MET) :             0.281ns  (arrival time - required time)
  Source:                 clkgen_0/count_reg[6]/C
                            (rising edge-triggered cell FDRE clocked by sys_clk_pin  {rise@0.000ns fall@5.000ns period=10.000ns})
  Destination:            clkgen_0/count_reg[6]/D
                            (rising edge-triggered cell FDRE clocked by sys_clk_pin  {rise@0.000ns fall@5.000ns period=10.000ns})
  Path Group:             sys_clk_pin
  Path Type:              Hold (Min at Fast Process Corner)
  Requirement:            0.000ns  (sys_clk_pin rise@0.000ns - sys_clk_pin rise@0.000ns)
  Data Path Delay:        0.386ns  (logic 0.252ns (65.354%)  route 0.134ns (34.646%))
  Logic Levels:           1  (CARRY4=1)
  Clock Path Skew:        0.000ns (DCD - SCD - CPR)
    Destination Clock Delay (DCD):    1.991ns
    Source Clock Delay      (SCD):    1.476ns
    Clock Pessimism Removal (CPR):    0.515ns

    Location             Delay type                Incr(ns)  Path(ns)    Netlist Resource(s)
  -------------------------------------------------------------------    -------------------
                         (clock sys_clk_pin rise edge)
                                                      0.000     0.000 r  
    W5                                                0.000     0.000 r  clk (IN)
                         net (fo=0)                   0.000     0.000    clk
    W5                   IBUF (Prop_ibuf_I_O)         0.226     0.226 r  clk_IBUF_inst/O
                         net (fo=1, routed)           0.631     0.858    clk_IBUF
    BUFGCTRL_X0Y0        BUFG (Prop_bufg_I_O)         0.026     0.884 r  clk_IBUF_BUFG_inst/O
                         net (fo=27, routed)          0.593     1.476    clkgen_0/clk
    SLICE_X0Y11          FDRE                                         r  clkgen_0/count_reg[6]/C
  -------------------------------------------------------------------    -------------------
    SLICE_X0Y11          FDRE (Prop_fdre_C_Q)         0.141     1.617 r  clkgen_0/count_reg[6]/Q
                         net (fo=2, routed)           0.134     1.751    clkgen_0/count_reg[6]
    SLICE_X0Y11          CARRY4 (Prop_carry4_S[2]_O[2])
                                                      0.111     1.862 r  clkgen_0/count_reg[4]_i_1/O[2]
                         net (fo=1, routed)           0.000     1.862    clkgen_0/count_reg[4]_i_1_n_5
    SLICE_X0Y11          FDRE                                         r  clkgen_0/count_reg[6]/D
  -------------------------------------------------------------------    -------------------

                         (clock sys_clk_pin rise edge)
                                                      0.000     0.000 r  
    W5                                                0.000     0.000 r  clk (IN)
                         net (fo=0)                   0.000     0.000    clk
    W5                   IBUF (Prop_ibuf_I_O)         0.414     0.414 r  clk_IBUF_inst/O
                         net (fo=1, routed)           0.685     1.099    clk_IBUF
    BUFGCTRL_X0Y0        BUFG (Prop_bufg_I_O)         0.029     1.128 r  clk_IBUF_BUFG_inst/O
                         net (fo=27, routed)          0.864     1.991    clkgen_0/clk
    SLICE_X0Y11          FDRE                                         r  clkgen_0/count_reg[6]/C
                         clock pessimism             -0.515     1.476    
    SLICE_X0Y11          FDRE (Hold_fdre_C_D)         0.105     1.581    clkgen_0/count_reg[6]
  -------------------------------------------------------------------
                         required time                         -1.581    
                         arrival time                           1.862    
  -------------------------------------------------------------------
                         slack                                  0.281    

Slack (MET) :             0.301ns  (arrival time - required time)
  Source:                 clkgen_0/count_reg[2]/C
                            (rising edge-triggered cell FDRE clocked by sys_clk_pin  {rise@0.000ns fall@5.000ns period=10.000ns})
  Destination:            clkgen_0/count_reg[3]/D
                            (rising edge-triggered cell FDRE clocked by sys_clk_pin  {rise@0.000ns fall@5.000ns period=10.000ns})
  Path Group:             sys_clk_pin
  Path Type:              Hold (Min at Fast Process Corner)
  Requirement:            0.000ns  (sys_clk_pin rise@0.000ns - sys_clk_pin rise@0.000ns)
  Data Path Delay:        0.406ns  (logic 0.285ns (70.118%)  route 0.121ns (29.882%))
  Logic Levels:           1  (CARRY4=1)
  Clock Path Skew:        0.000ns (DCD - SCD - CPR)
    Destination Clock Delay (DCD):    1.991ns
    Source Clock Delay      (SCD):    1.476ns
    Clock Pessimism Removal (CPR):    0.515ns

    Location             Delay type                Incr(ns)  Path(ns)    Netlist Resource(s)
  -------------------------------------------------------------------    -------------------
                         (clock sys_clk_pin rise edge)
                                                      0.000     0.000 r  
    W5                                                0.000     0.000 r  clk (IN)
                         net (fo=0)                   0.000     0.000    clk
    W5                   IBUF (Prop_ibuf_I_O)         0.226     0.226 r  clk_IBUF_inst/O
                         net (fo=1, routed)           0.631     0.858    clk_IBUF
    BUFGCTRL_X0Y0        BUFG (Prop_bufg_I_O)         0.026     0.884 r  clk_IBUF_BUFG_inst/O
                         net (fo=27, routed)          0.593     1.476    clkgen_0/clk
    SLICE_X0Y10          FDRE                                         r  clkgen_0/count_reg[2]/C
  -------------------------------------------------------------------    -------------------
    SLICE_X0Y10          FDRE (Prop_fdre_C_Q)         0.141     1.617 r  clkgen_0/count_reg[2]/Q
                         net (fo=1, routed)           0.121     1.739    clkgen_0/count_reg_n_0_[2]
    SLICE_X0Y10          CARRY4 (Prop_carry4_S[2]_O[3])
                                                      0.144     1.883 r  clkgen_0/count_reg[0]_i_2/O[3]
                         net (fo=1, routed)           0.000     1.883    clkgen_0/count_reg[0]_i_2_n_4
    SLICE_X0Y10          FDRE                                         r  clkgen_0/count_reg[3]/D
  -------------------------------------------------------------------    -------------------

                         (clock sys_clk_pin rise edge)
                                                      0.000     0.000 r  
    W5                                                0.000     0.000 r  clk (IN)
                         net (fo=0)                   0.000     0.000    clk
    W5                   IBUF (Prop_ibuf_I_O)         0.414     0.414 r  clk_IBUF_inst/O
                         net (fo=1, routed)           0.685     1.099    clk_IBUF
    BUFGCTRL_X0Y0        BUFG (Prop_bufg_I_O)         0.029     1.128 r  clk_IBUF_BUFG_inst/O
                         net (fo=27, routed)          0.864     1.991    clkgen_0/clk
    SLICE_X0Y10          FDRE                                         r  clkgen_0/count_reg[3]/C
                         clock pessimism             -0.515     1.476    
    SLICE_X0Y10          FDRE (Hold_fdre_C_D)         0.105     1.581    clkgen_0/count_reg[3]
  -------------------------------------------------------------------
                         required time                         -1.581    
                         arrival time                           1.883    
  -------------------------------------------------------------------
                         slack                                  0.301    

Slack (MET) :             0.313ns  (arrival time - required time)
  Source:                 clkgen_0/count_reg[10]/C
                            (rising edge-triggered cell FDRE clocked by sys_clk_pin  {rise@0.000ns fall@5.000ns period=10.000ns})
  Destination:            clkgen_0/count_reg[11]/D
                            (rising edge-triggered cell FDRE clocked by sys_clk_pin  {rise@0.000ns fall@5.000ns period=10.000ns})
  Path Group:             sys_clk_pin
  Path Type:              Hold (Min at Fast Process Corner)
  Requirement:            0.000ns  (sys_clk_pin rise@0.000ns - sys_clk_pin rise@0.000ns)
  Data Path Delay:        0.418ns  (logic 0.285ns (68.253%)  route 0.133ns (31.747%))
  Logic Levels:           1  (CARRY4=1)
  Clock Path Skew:        0.000ns (DCD - SCD - CPR)
    Destination Clock Delay (DCD):    1.989ns
    Source Clock Delay      (SCD):    1.475ns
    Clock Pessimism Removal (CPR):    0.514ns

    Location             Delay type                Incr(ns)  Path(ns)    Netlist Resource(s)
  -------------------------------------------------------------------    -------------------
                         (clock sys_clk_pin rise edge)
                                                      0.000     0.000 r  
    W5                                                0.000     0.000 r  clk (IN)
                         net (fo=0)                   0.000     0.000    clk
    W5                   IBUF (Prop_ibuf_I_O)         0.226     0.226 r  clk_IBUF_inst/O
                         net (fo=1, routed)           0.631     0.858    clk_IBUF
    BUFGCTRL_X0Y0        BUFG (Prop_bufg_I_O)         0.026     0.884 r  clk_IBUF_BUFG_inst/O
                         net (fo=27, routed)          0.592     1.475    clkgen_0/clk
    SLICE_X0Y12          FDRE                                         r  clkgen_0/count_reg[10]/C
  -------------------------------------------------------------------    -------------------
    SLICE_X0Y12          FDRE (Prop_fdre_C_Q)         0.141     1.616 r  clkgen_0/count_reg[10]/Q
                         net (fo=2, routed)           0.133     1.749    clkgen_0/count_reg[10]
    SLICE_X0Y12          CARRY4 (Prop_carry4_S[2]_O[3])
                                                      0.144     1.893 r  clkgen_0/count_reg[8]_i_1/O[3]
                         net (fo=1, routed)           0.000     1.893    clkgen_0/count_reg[8]_i_1_n_4
    SLICE_X0Y12          FDRE                                         r  clkgen_0/count_reg[11]/D
  -------------------------------------------------------------------    -------------------

                         (clock sys_clk_pin rise edge)
                                                      0.000     0.000 r  
    W5                                                0.000     0.000 r  clk (IN)
                         net (fo=0)                   0.000     0.000    clk
    W5                   IBUF (Prop_ibuf_I_O)         0.414     0.414 r  clk_IBUF_inst/O
                         net (fo=1, routed)           0.685     1.099    clk_IBUF
    BUFGCTRL_X0Y0        BUFG (Prop_bufg_I_O)         0.029     1.128 r  clk_IBUF_BUFG_inst/O
                         net (fo=27, routed)          0.862     1.989    clkgen_0/clk
    SLICE_X0Y12          FDRE                                         r  clkgen_0/count_reg[11]/C
                         clock pessimism             -0.514     1.475    
    SLICE_X0Y12          FDRE (Hold_fdre_C_D)         0.105     1.580    clkgen_0/count_reg[11]
  -------------------------------------------------------------------
                         required time                         -1.580    
                         arrival time                           1.893    
  -------------------------------------------------------------------
                         slack                                  0.313    

Slack (MET) :             0.313ns  (arrival time - required time)
  Source:                 clkgen_0/count_reg[14]/C
                            (rising edge-triggered cell FDRE clocked by sys_clk_pin  {rise@0.000ns fall@5.000ns period=10.000ns})
  Destination:            clkgen_0/count_reg[15]/D
                            (rising edge-triggered cell FDRE clocked by sys_clk_pin  {rise@0.000ns fall@5.000ns period=10.000ns})
  Path Group:             sys_clk_pin
  Path Type:              Hold (Min at Fast Process Corner)
  Requirement:            0.000ns  (sys_clk_pin rise@0.000ns - sys_clk_pin rise@0.000ns)
  Data Path Delay:        0.418ns  (logic 0.285ns (68.253%)  route 0.133ns (31.747%))
  Logic Levels:           1  (CARRY4=1)
  Clock Path Skew:        0.000ns (DCD - SCD - CPR)
    Destination Clock Delay (DCD):    1.988ns
    Source Clock Delay      (SCD):    1.474ns
    Clock Pessimism Removal (CPR):    0.514ns

    Location             Delay type                Incr(ns)  Path(ns)    Netlist Resource(s)
  -------------------------------------------------------------------    -------------------
                         (clock sys_clk_pin rise edge)
                                                      0.000     0.000 r  
    W5                                                0.000     0.000 r  clk (IN)
                         net (fo=0)                   0.000     0.000    clk
    W5                   IBUF (Prop_ibuf_I_O)         0.226     0.226 r  clk_IBUF_inst/O
                         net (fo=1, routed)           0.631     0.858    clk_IBUF
    BUFGCTRL_X0Y0        BUFG (Prop_bufg_I_O)         0.026     0.884 r  clk_IBUF_BUFG_inst/O
                         net (fo=27, routed)          0.591     1.474    clkgen_0/clk
    SLICE_X0Y13          FDRE                                         r  clkgen_0/count_reg[14]/C
  -------------------------------------------------------------------    -------------------
    SLICE_X0Y13          FDRE (Prop_fdre_C_Q)         0.141     1.615 r  clkgen_0/count_reg[14]/Q
                         net (fo=2, routed)           0.133     1.748    clkgen_0/count_reg[14]
    SLICE_X0Y13          CARRY4 (Prop_carry4_S[2]_O[3])
                                                      0.144     1.892 r  clkgen_0/count_reg[12]_i_1/O[3]
                         net (fo=1, routed)           0.000     1.892    clkgen_0/count_reg[12]_i_1_n_4
    SLICE_X0Y13          FDRE                                         r  clkgen_0/count_reg[15]/D
  -------------------------------------------------------------------    -------------------

                         (clock sys_clk_pin rise edge)
                                                      0.000     0.000 r  
    W5                                                0.000     0.000 r  clk (IN)
                         net (fo=0)                   0.000     0.000    clk
    W5                   IBUF (Prop_ibuf_I_O)         0.414     0.414 r  clk_IBUF_inst/O
                         net (fo=1, routed)           0.685     1.099    clk_IBUF
    BUFGCTRL_X0Y0        BUFG (Prop_bufg_I_O)         0.029     1.128 r  clk_IBUF_BUFG_inst/O
                         net (fo=27, routed)          0.861     1.988    clkgen_0/clk
    SLICE_X0Y13          FDRE                                         r  clkgen_0/count_reg[15]/C
                         clock pessimism             -0.514     1.474    
    SLICE_X0Y13          FDRE (Hold_fdre_C_D)         0.105     1.579    clkgen_0/count_reg[15]
  -------------------------------------------------------------------
                         required time                         -1.579    
                         arrival time                           1.892    
  -------------------------------------------------------------------
                         slack                                  0.313    

Slack (MET) :             0.313ns  (arrival time - required time)
  Source:                 clkgen_0/count_reg[18]/C
                            (rising edge-triggered cell FDRE clocked by sys_clk_pin  {rise@0.000ns fall@5.000ns period=10.000ns})
  Destination:            clkgen_0/count_reg[19]/D
                            (rising edge-triggered cell FDRE clocked by sys_clk_pin  {rise@0.000ns fall@5.000ns period=10.000ns})
  Path Group:             sys_clk_pin
  Path Type:              Hold (Min at Fast Process Corner)
  Requirement:            0.000ns  (sys_clk_pin rise@0.000ns - sys_clk_pin rise@0.000ns)
  Data Path Delay:        0.418ns  (logic 0.285ns (68.192%)  route 0.133ns (31.808%))
  Logic Levels:           1  (CARRY4=1)
  Clock Path Skew:        0.000ns (DCD - SCD - CPR)
    Destination Clock Delay (DCD):    1.988ns
    Source Clock Delay      (SCD):    1.474ns
    Clock Pessimism Removal (CPR):    0.514ns

    Location             Delay type                Incr(ns)  Path(ns)    Netlist Resource(s)
  -------------------------------------------------------------------    -------------------
                         (clock sys_clk_pin rise edge)
                                                      0.000     0.000 r  
    W5                                                0.000     0.000 r  clk (IN)
                         net (fo=0)                   0.000     0.000    clk
    W5                   IBUF (Prop_ibuf_I_O)         0.226     0.226 r  clk_IBUF_inst/O
                         net (fo=1, routed)           0.631     0.858    clk_IBUF
    BUFGCTRL_X0Y0        BUFG (Prop_bufg_I_O)         0.026     0.884 r  clk_IBUF_BUFG_inst/O
                         net (fo=27, routed)          0.591     1.474    clkgen_0/clk
    SLICE_X0Y14          FDRE                                         r  clkgen_0/count_reg[18]/C
  -------------------------------------------------------------------    -------------------
    SLICE_X0Y14          FDRE (Prop_fdre_C_Q)         0.141     1.615 r  clkgen_0/count_reg[18]/Q
                         net (fo=2, routed)           0.133     1.748    clkgen_0/count_reg[18]
    SLICE_X0Y14          CARRY4 (Prop_carry4_S[2]_O[3])
                                                      0.144     1.892 r  clkgen_0/count_reg[16]_i_1/O[3]
                         net (fo=1, routed)           0.000     1.892    clkgen_0/count_reg[16]_i_1_n_4
    SLICE_X0Y14          FDRE                                         r  clkgen_0/count_reg[19]/D
  -------------------------------------------------------------------    -------------------

                         (clock sys_clk_pin rise edge)
                                                      0.000     0.000 r  
    W5                                                0.000     0.000 r  clk (IN)
                         net (fo=0)                   0.000     0.000    clk
    W5                   IBUF (Prop_ibuf_I_O)         0.414     0.414 r  clk_IBUF_inst/O
                         net (fo=1, routed)           0.685     1.099    clk_IBUF
    BUFGCTRL_X0Y0        BUFG (Prop_bufg_I_O)         0.029     1.128 r  clk_IBUF_BUFG_inst/O
                         net (fo=27, routed)          0.861     1.988    clkgen_0/clk
    SLICE_X0Y14          FDRE                                         r  clkgen_0/count_reg[19]/C
                         clock pessimism             -0.514     1.474    
    SLICE_X0Y14          FDRE (Hold_fdre_C_D)         0.105     1.579    clkgen_0/count_reg[19]
  -------------------------------------------------------------------
                         required time                         -1.579    
                         arrival time                           1.892    
  -------------------------------------------------------------------
                         slack                                  0.313    





Pulse Width Checks
--------------------------------------------------------------------------------------
Clock Name:         sys_clk_pin
Waveform(ns):       { 0.000 5.000 }
Period(ns):         10.000
Sources:            { clk }

Check Type        Corner  Lib Pin  Reference Pin  Required(ns)  Actual(ns)  Slack(ns)  Location       Pin
Min Period        n/a     BUFG/I   n/a            2.155         10.000      7.845      BUFGCTRL_X0Y0  clk_IBUF_BUFG_inst/I
Min Period        n/a     FDRE/C   n/a            1.000         10.000      9.000      SLICE_X0Y10    clkgen_0/count_reg[0]/C
Min Period        n/a     FDRE/C   n/a            1.000         10.000      9.000      SLICE_X0Y12    clkgen_0/count_reg[10]/C
Min Period        n/a     FDRE/C   n/a            1.000         10.000      9.000      SLICE_X0Y12    clkgen_0/count_reg[11]/C
Min Period        n/a     FDRE/C   n/a            1.000         10.000      9.000      SLICE_X0Y13    clkgen_0/count_reg[12]/C
Min Period        n/a     FDRE/C   n/a            1.000         10.000      9.000      SLICE_X0Y13    clkgen_0/count_reg[13]/C
Min Period        n/a     FDRE/C   n/a            1.000         10.000      9.000      SLICE_X0Y13    clkgen_0/count_reg[14]/C
Min Period        n/a     FDRE/C   n/a            1.000         10.000      9.000      SLICE_X0Y13    clkgen_0/count_reg[15]/C
Min Period        n/a     FDRE/C   n/a            1.000         10.000      9.000      SLICE_X0Y14    clkgen_0/count_reg[16]/C
Min Period        n/a     FDRE/C   n/a            1.000         10.000      9.000      SLICE_X0Y14    clkgen_0/count_reg[17]/C
Low Pulse Width   Fast    FDRE/C   n/a            0.500         5.000       4.500      SLICE_X0Y10    clkgen_0/count_reg[0]/C
Low Pulse Width   Fast    FDRE/C   n/a            0.500         5.000       4.500      SLICE_X0Y12    clkgen_0/count_reg[10]/C
Low Pulse Width   Fast    FDRE/C   n/a            0.500         5.000       4.500      SLICE_X0Y12    clkgen_0/count_reg[11]/C
Low Pulse Width   Fast    FDRE/C   n/a            0.500         5.000       4.500      SLICE_X0Y13    clkgen_0/count_reg[12]/C
Low Pulse Width   Fast    FDRE/C   n/a            0.500         5.000       4.500      SLICE_X0Y13    clkgen_0/count_reg[13]/C
Low Pulse Width   Fast    FDRE/C   n/a            0.500         5.000       4.500      SLICE_X0Y13    clkgen_0/count_reg[14]/C
Low Pulse Width   Fast    FDRE/C   n/a            0.500         5.000       4.500      SLICE_X0Y13    clkgen_0/count_reg[15]/C
Low Pulse Width   Fast    FDRE/C   n/a            0.500         5.000       4.500      SLICE_X0Y14    clkgen_0/count_reg[16]/C
Low Pulse Width   Fast    FDRE/C   n/a            0.500         5.000       4.500      SLICE_X0Y14    clkgen_0/count_reg[17]/C
Low Pulse Width   Fast    FDRE/C   n/a            0.500         5.000       4.500      SLICE_X0Y14    clkgen_0/count_reg[18]/C
High Pulse Width  Slow    FDRE/C   n/a            0.500         5.000       4.500      SLICE_X0Y15    clkgen_0/count_reg[20]/C
High Pulse Width  Slow    FDRE/C   n/a            0.500         5.000       4.500      SLICE_X0Y15    clkgen_0/count_reg[21]/C
High Pulse Width  Slow    FDRE/C   n/a            0.500         5.000       4.500      SLICE_X0Y15    clkgen_0/count_reg[22]/C
High Pulse Width  Slow    FDRE/C   n/a            0.500         5.000       4.500      SLICE_X0Y15    clkgen_0/count_reg[23]/C
High Pulse Width  Slow    FDRE/C   n/a            0.500         5.000       4.500      SLICE_X0Y16    clkgen_0/count_reg[24]/C
High Pulse Width  Fast    FDRE/C   n/a            0.500         5.000       4.500      SLICE_X0Y16    clkgen_0/count_reg[24]/C
High Pulse Width  Slow    FDRE/C   n/a            0.500         5.000       4.500      SLICE_X0Y16    clkgen_0/count_reg[25]/C
High Pulse Width  Fast    FDRE/C   n/a            0.500         5.000       4.500      SLICE_X0Y16    clkgen_0/count_reg[25]/C
High Pulse Width  Slow    FDRE/C   n/a            0.500         5.000       4.500      SLICE_X0Y12    clkgen_0/count_reg[10]/C
High Pulse Width  Fast    FDRE/C   n/a            0.500         5.000       4.500      SLICE_X0Y12    clkgen_0/count_reg[10]/C



