
*** Running vivado
    with args -log Decoder.vds -m64 -product Vivado -mode batch -messageDb vivado.pb -notrace -source Decoder.tcl


****** Vivado v2017.4 (64-bit)
  **** SW Build 2086221 on Fri Dec 15 20:55:39 MST 2017
  **** IP Build 2085800 on Fri Dec 15 22:25:07 MST 2017
    ** Copyright 1986-2017 Xilinx, Inc. All Rights Reserved.

source Decoder.tcl -notrace
Command: synth_design -top Decoder -part xc7a35tcpg236-1
Starting synth_design
Attempting to get a license for feature 'Synthesis' and/or device 'xc7a35t'
INFO: [Common 17-349] Got license for feature 'Synthesis' and/or device 'xc7a35t'
INFO: Launching helper process for spawning children vivado processes
INFO: Helper process launched with PID 34296 
---------------------------------------------------------------------------------
Starting RTL Elaboration : Time (s): cpu = 00:00:04 ; elapsed = 00:00:04 . Memory (MB): peak = 388.527 ; gain = 96.762
---------------------------------------------------------------------------------
INFO: [Synth 8-638] synthesizing module 'Decoder' [C:/Users/danie/OneDrive/Documents/Basys3-Verilog/Lab3_7segment/Lab3_7segment.srcs/sources_1/new/Lab3_7segment.v:23]
INFO: [Synth 8-638] synthesizing module 'Adder_4bit' [C:/Users/danie/OneDrive/Documents/Basys3-Verilog/Lab3_7segment/Lab3_7segment.srcs/sources_1/new/Lab3_7segment.v:10]
INFO: [Synth 8-638] synthesizing module 'Adder_Full' [C:/Users/danie/OneDrive/Documents/Basys3-Verilog/Lab3_7segment/Lab3_7segment.srcs/sources_1/new/Lab3_7segment.v:1]
INFO: [Synth 8-256] done synthesizing module 'Adder_Full' (1#1) [C:/Users/danie/OneDrive/Documents/Basys3-Verilog/Lab3_7segment/Lab3_7segment.srcs/sources_1/new/Lab3_7segment.v:1]
INFO: [Synth 8-256] done synthesizing module 'Adder_4bit' (2#1) [C:/Users/danie/OneDrive/Documents/Basys3-Verilog/Lab3_7segment/Lab3_7segment.srcs/sources_1/new/Lab3_7segment.v:10]
INFO: [Synth 8-256] done synthesizing module 'Decoder' (3#1) [C:/Users/danie/OneDrive/Documents/Basys3-Verilog/Lab3_7segment/Lab3_7segment.srcs/sources_1/new/Lab3_7segment.v:23]
---------------------------------------------------------------------------------
Finished RTL Elaboration : Time (s): cpu = 00:00:05 ; elapsed = 00:00:05 . Memory (MB): peak = 440.195 ; gain = 148.430
---------------------------------------------------------------------------------

Report Check Netlist: 
+------+------------------+-------+---------+-------+------------------+
|      |Item              |Errors |Warnings |Status |Description       |
+------+------------------+-------+---------+-------+------------------+
|1     |multi_driven_nets |      0|        0|Passed |Multi driven nets |
+------+------------------+-------+---------+-------+------------------+
---------------------------------------------------------------------------------
Finished RTL Optimization Phase 1 : Time (s): cpu = 00:00:05 ; elapsed = 00:00:05 . Memory (MB): peak = 440.195 ; gain = 148.430
---------------------------------------------------------------------------------
INFO: [Device 21-403] Loading part xc7a35tcpg236-1
INFO: [Project 1-570] Preparing netlist for logic optimization

Processing XDC Constraints
Initializing timing engine
Parsing XDC File [C:/Users/danie/OneDrive/Documents/Basys3-Verilog/Lab3_7segment/Basys3_7segment.xdc]
WARNING: [Vivado 12-584] No ports matched 'a[1'. [C:/Users/danie/OneDrive/Documents/Basys3-Verilog/Lab3_7segment/Basys3_7segment.xdc:14]
CRITICAL WARNING: [Common 17-55] 'set_property' expects at least one object. [C:/Users/danie/OneDrive/Documents/Basys3-Verilog/Lab3_7segment/Basys3_7segment.xdc:14]
Resolution: If [get_<value>] was used to populate the object, check to make sure this command returns at least one valid object.
Finished Parsing XDC File [C:/Users/danie/OneDrive/Documents/Basys3-Verilog/Lab3_7segment/Basys3_7segment.xdc]
INFO: [Project 1-236] Implementation specific constraints were found while reading constraint file [C:/Users/danie/OneDrive/Documents/Basys3-Verilog/Lab3_7segment/Basys3_7segment.xdc]. These constraints will be ignored for synthesis but will be used in implementation. Impacted constraints are listed in the file [.Xil/Decoder_propImpl.xdc].
Resolution: To avoid this warning, move constraints listed in [.Xil/Decoder_propImpl.xdc] to another XDC file and exclude this new file from synthesis with the used_in_synthesis property (File Properties dialog in GUI) and re-run elaboration/synthesis.
Completed Processing XDC Constraints

INFO: [Project 1-111] Unisim Transformation Summary:
No Unisim elements were transformed.

Constraint Validation Runtime : Time (s): cpu = 00:00:00 ; elapsed = 00:00:00.001 . Memory (MB): peak = 761.641 ; gain = 0.000
---------------------------------------------------------------------------------
Finished Constraint Validation : Time (s): cpu = 00:00:13 ; elapsed = 00:00:14 . Memory (MB): peak = 761.641 ; gain = 469.875
---------------------------------------------------------------------------------
---------------------------------------------------------------------------------
Start Loading Part and Timing Information
---------------------------------------------------------------------------------
Loading part: xc7a35tcpg236-1
---------------------------------------------------------------------------------
Finished Loading Part and Timing Information : Time (s): cpu = 00:00:13 ; elapsed = 00:00:14 . Memory (MB): peak = 761.641 ; gain = 469.875
---------------------------------------------------------------------------------
---------------------------------------------------------------------------------
Start Applying 'set_property' XDC Constraints
---------------------------------------------------------------------------------
---------------------------------------------------------------------------------
Finished applying 'set_property' XDC Constraints : Time (s): cpu = 00:00:13 ; elapsed = 00:00:14 . Memory (MB): peak = 761.641 ; gain = 469.875
---------------------------------------------------------------------------------
---------------------------------------------------------------------------------
Finished RTL Optimization Phase 2 : Time (s): cpu = 00:00:13 ; elapsed = 00:00:14 . Memory (MB): peak = 761.641 ; gain = 469.875
---------------------------------------------------------------------------------

Report RTL Partitions: 
+-+--------------+------------+----------+
| |RTL Partition |Replication |Instances |
+-+--------------+------------+----------+
+-+--------------+------------+----------+
---------------------------------------------------------------------------------
Start RTL Component Statistics 
---------------------------------------------------------------------------------
Detailed RTL Component Info : 
+---Adders : 
	   2 Input      1 Bit       Adders := 7     
	   3 Input      1 Bit       Adders := 3     
+---XORs : 
	   2 Input      1 Bit         XORs := 10    
---------------------------------------------------------------------------------
Finished RTL Component Statistics 
---------------------------------------------------------------------------------
---------------------------------------------------------------------------------
Start RTL Hierarchical Component Statistics 
---------------------------------------------------------------------------------
Hierarchical RTL Component report 
Module Decoder 
Detailed RTL Component Info : 
+---Adders : 
	   2 Input      1 Bit       Adders := 7     
	   3 Input      1 Bit       Adders := 3     
+---XORs : 
	   2 Input      1 Bit         XORs := 2     
Module Adder_Full 
Detailed RTL Component Info : 
+---XORs : 
	   2 Input      1 Bit         XORs := 2     
---------------------------------------------------------------------------------
Finished RTL Hierarchical Component Statistics
---------------------------------------------------------------------------------
---------------------------------------------------------------------------------
Start Part Resource Summary
---------------------------------------------------------------------------------
Part Resources:
DSPs: 90 (col length:60)
BRAMs: 100 (col length: RAMB18 60 RAMB36 30)
---------------------------------------------------------------------------------
Finished Part Resource Summary
---------------------------------------------------------------------------------
---------------------------------------------------------------------------------
Start Cross Boundary and Area Optimization
---------------------------------------------------------------------------------
CRITICAL WARNING: [Synth 8-3352] multi-driven net s[4] with 1st driver pin 'fa0/fa3/cout_inferred/cout' [C:/Users/danie/OneDrive/Documents/Basys3-Verilog/Lab3_7segment/Lab3_7segment.srcs/sources_1/new/Lab3_7segment.v:6]
CRITICAL WARNING: [Synth 8-3352] multi-driven net s[4] with 2nd driver pin 's[4]' [C:/Users/danie/OneDrive/Documents/Basys3-Verilog/Lab3_7segment/Lab3_7segment.srcs/sources_1/new/Lab3_7segment.v:23]
---------------------------------------------------------------------------------
Finished Cross Boundary and Area Optimization : Time (s): cpu = 00:00:13 ; elapsed = 00:00:15 . Memory (MB): peak = 761.641 ; gain = 469.875
---------------------------------------------------------------------------------

Report RTL Partitions: 
+-+--------------+------------+----------+
| |RTL Partition |Replication |Instances |
+-+--------------+------------+----------+
+-+--------------+------------+----------+
---------------------------------------------------------------------------------
Start Applying XDC Timing Constraints
---------------------------------------------------------------------------------
---------------------------------------------------------------------------------
Finished Applying XDC Timing Constraints : Time (s): cpu = 00:00:20 ; elapsed = 00:00:21 . Memory (MB): peak = 767.141 ; gain = 475.375
---------------------------------------------------------------------------------
---------------------------------------------------------------------------------
Start Timing Optimization
---------------------------------------------------------------------------------
---------------------------------------------------------------------------------
Finished Timing Optimization : Time (s): cpu = 00:00:20 ; elapsed = 00:00:21 . Memory (MB): peak = 767.141 ; gain = 475.375
---------------------------------------------------------------------------------

Report RTL Partitions: 
+-+--------------+------------+----------+
| |RTL Partition |Replication |Instances |
+-+--------------+------------+----------+
+-+--------------+------------+----------+
---------------------------------------------------------------------------------
Start Technology Mapping
---------------------------------------------------------------------------------
---------------------------------------------------------------------------------
Finished Technology Mapping : Time (s): cpu = 00:00:20 ; elapsed = 00:00:21 . Memory (MB): peak = 777.238 ; gain = 485.473
---------------------------------------------------------------------------------

Report RTL Partitions: 
+-+--------------+------------+----------+
| |RTL Partition |Replication |Instances |
+-+--------------+------------+----------+
+-+--------------+------------+----------+
---------------------------------------------------------------------------------
Start IO Insertion
---------------------------------------------------------------------------------
---------------------------------------------------------------------------------
Start Flattening Before IO Insertion
---------------------------------------------------------------------------------
---------------------------------------------------------------------------------
Finished Flattening Before IO Insertion
---------------------------------------------------------------------------------
---------------------------------------------------------------------------------
Start Final Netlist Cleanup
---------------------------------------------------------------------------------
---------------------------------------------------------------------------------
Finished Final Netlist Cleanup
---------------------------------------------------------------------------------
---------------------------------------------------------------------------------
Finished IO Insertion : Time (s): cpu = 00:00:20 ; elapsed = 00:00:22 . Memory (MB): peak = 777.238 ; gain = 485.473
---------------------------------------------------------------------------------
CRITICAL WARNING: [Synth 8-3352] multi-driven net s_IBUF[0] with 1st driver pin 's_IBUF[0]_inst/O' [C:/Users/danie/OneDrive/Documents/Basys3-Verilog/Lab3_7segment/Lab3_7segment.srcs/sources_1/new/Lab3_7segment.v:23]
CRITICAL WARNING: [Synth 8-3352] multi-driven net s_IBUF[0] with 2nd driver pin 'i_8/O' [C:/Users/danie/OneDrive/Documents/Basys3-Verilog/Lab3_7segment/Lab3_7segment.srcs/sources_1/new/Lab3_7segment.v:5]
CRITICAL WARNING: [Synth 8-3352] multi-driven net s_IBUF[2] with 1st driver pin 's_IBUF[2]_inst/O' [C:/Users/danie/OneDrive/Documents/Basys3-Verilog/Lab3_7segment/Lab3_7segment.srcs/sources_1/new/Lab3_7segment.v:23]
CRITICAL WARNING: [Synth 8-3352] multi-driven net s_IBUF[2] with 2nd driver pin 'i_11/O' [C:/Users/danie/OneDrive/Documents/Basys3-Verilog/Lab3_7segment/Lab3_7segment.srcs/sources_1/new/Lab3_7segment.v:5]
CRITICAL WARNING: [Synth 8-3352] multi-driven net s_IBUF[1] with 1st driver pin 's_IBUF[1]_inst/O' [C:/Users/danie/OneDrive/Documents/Basys3-Verilog/Lab3_7segment/Lab3_7segment.srcs/sources_1/new/Lab3_7segment.v:23]
CRITICAL WARNING: [Synth 8-3352] multi-driven net s_IBUF[1] with 2nd driver pin 'i_10/O' [C:/Users/danie/OneDrive/Documents/Basys3-Verilog/Lab3_7segment/Lab3_7segment.srcs/sources_1/new/Lab3_7segment.v:5]
CRITICAL WARNING: [Synth 8-3352] multi-driven net s_IBUF[3] with 1st driver pin 's_IBUF[3]_inst/O' [C:/Users/danie/OneDrive/Documents/Basys3-Verilog/Lab3_7segment/Lab3_7segment.srcs/sources_1/new/Lab3_7segment.v:23]
CRITICAL WARNING: [Synth 8-3352] multi-driven net s_IBUF[3] with 2nd driver pin 'i_9/O' [C:/Users/danie/OneDrive/Documents/Basys3-Verilog/Lab3_7segment/Lab3_7segment.srcs/sources_1/new/Lab3_7segment.v:5]

Report Check Netlist: 
+------+------------------+-------+---------+-------+------------------+
|      |Item              |Errors |Warnings |Status |Description       |
+------+------------------+-------+---------+-------+------------------+
|1     |multi_driven_nets |      0|        4|Failed |Multi driven nets |
+------+------------------+-------+---------+-------+------------------+
---------------------------------------------------------------------------------
Start Renaming Generated Instances
---------------------------------------------------------------------------------
---------------------------------------------------------------------------------
Finished Renaming Generated Instances : Time (s): cpu = 00:00:20 ; elapsed = 00:00:22 . Memory (MB): peak = 777.238 ; gain = 485.473
---------------------------------------------------------------------------------

Report RTL Partitions: 
+-+--------------+------------+----------+
| |RTL Partition |Replication |Instances |
+-+--------------+------------+----------+
+-+--------------+------------+----------+
---------------------------------------------------------------------------------
Start Rebuilding User Hierarchy
---------------------------------------------------------------------------------
---------------------------------------------------------------------------------
Finished Rebuilding User Hierarchy : Time (s): cpu = 00:00:20 ; elapsed = 00:00:22 . Memory (MB): peak = 777.238 ; gain = 485.473
---------------------------------------------------------------------------------
---------------------------------------------------------------------------------
Start Renaming Generated Ports
---------------------------------------------------------------------------------
---------------------------------------------------------------------------------
Finished Renaming Generated Ports : Time (s): cpu = 00:00:20 ; elapsed = 00:00:22 . Memory (MB): peak = 777.238 ; gain = 485.473
---------------------------------------------------------------------------------
---------------------------------------------------------------------------------
Start Handling Custom Attributes
---------------------------------------------------------------------------------
---------------------------------------------------------------------------------
Finished Handling Custom Attributes : Time (s): cpu = 00:00:20 ; elapsed = 00:00:22 . Memory (MB): peak = 777.238 ; gain = 485.473
---------------------------------------------------------------------------------
---------------------------------------------------------------------------------
Start Renaming Generated Nets
---------------------------------------------------------------------------------
---------------------------------------------------------------------------------
Finished Renaming Generated Nets : Time (s): cpu = 00:00:20 ; elapsed = 00:00:22 . Memory (MB): peak = 777.238 ; gain = 485.473
---------------------------------------------------------------------------------
---------------------------------------------------------------------------------
Start Writing Synthesis Report
---------------------------------------------------------------------------------

Report BlackBoxes: 
+-+--------------+----------+
| |BlackBox name |Instances |
+-+--------------+----------+
+-+--------------+----------+

Report Cell Usage: 
+------+-----+------+
|      |Cell |Count |
+------+-----+------+
|1     |LUT2 |     1|
|2     |LUT3 |     1|
|3     |LUT4 |     8|
|4     |LUT6 |     2|
|5     |IBUF |    12|
|6     |OBUF |     7|
+------+-----+------+

Report Instance Areas: 
+------+---------+-------+------+
|      |Instance |Module |Cells |
+------+---------+-------+------+
|1     |top      |       |    31|
+------+---------+-------+------+
---------------------------------------------------------------------------------
Finished Writing Synthesis Report : Time (s): cpu = 00:00:20 ; elapsed = 00:00:22 . Memory (MB): peak = 777.238 ; gain = 485.473
---------------------------------------------------------------------------------
Synthesis finished with 0 errors, 10 critical warnings and 0 warnings.
Synthesis Optimization Runtime : Time (s): cpu = 00:00:12 ; elapsed = 00:00:17 . Memory (MB): peak = 777.238 ; gain = 164.027
Synthesis Optimization Complete : Time (s): cpu = 00:00:21 ; elapsed = 00:00:22 . Memory (MB): peak = 777.238 ; gain = 485.473
INFO: [Project 1-571] Translating synthesized netlist
INFO: [Netlist 29-17] Analyzing 12 Unisim elements for replacement
INFO: [Netlist 29-28] Unisim Transformation completed in 0 CPU seconds
INFO: [Project 1-570] Preparing netlist for logic optimization
INFO: [Opt 31-138] Pushed 0 inverter(s) to 0 load pin(s).
INFO: [Project 1-111] Unisim Transformation Summary:
No Unisim elements were transformed.

INFO: [Common 17-83] Releasing license: Synthesis
18 Infos, 1 Warnings, 11 Critical Warnings and 0 Errors encountered.
synth_design completed successfully
synth_design: Time (s): cpu = 00:00:22 ; elapsed = 00:00:25 . Memory (MB): peak = 787.367 ; gain = 508.562
INFO: [Common 17-1381] The checkpoint 'C:/Users/danie/OneDrive/Documents/Basys3-Verilog/Lab3_7segment/Lab3_7segment.runs/synth_1/Decoder.dcp' has been generated.
INFO: [runtcl-4] Executing : report_utilization -file Decoder_utilization_synth.rpt -pb Decoder_utilization_synth.pb
report_utilization: Time (s): cpu = 00:00:00 ; elapsed = 00:00:00.018 . Memory (MB): peak = 787.367 ; gain = 0.000
INFO: [Common 17-206] Exiting Vivado at Fri Feb 18 20:07:15 2022...
