
*** Running vivado
    with args -log FSM.vds -m64 -product Vivado -mode batch -messageDb vivado.pb -notrace -source FSM.tcl


****** Vivado v2017.4 (64-bit)
  **** SW Build 2086221 on Fri Dec 15 20:55:39 MST 2017
  **** IP Build 2085800 on Fri Dec 15 22:25:07 MST 2017
    ** Copyright 1986-2017 Xilinx, Inc. All Rights Reserved.

source FSM.tcl -notrace
Command: synth_design -top FSM -part xc7a35tcpg236-1
Starting synth_design
Attempting to get a license for feature 'Synthesis' and/or device 'xc7a35t'
INFO: [Common 17-349] Got license for feature 'Synthesis' and/or device 'xc7a35t'
INFO: Launching helper process for spawning children vivado processes
INFO: Helper process launched with PID 31188 
---------------------------------------------------------------------------------
Starting RTL Elaboration : Time (s): cpu = 00:00:11 ; elapsed = 00:00:12 . Memory (MB): peak = 388.953 ; gain = 97.004
---------------------------------------------------------------------------------
INFO: [Synth 8-638] synthesizing module 'FSM' [C:/Users/danie/OneDrive/Documents/Basys3-Verilog/Lab4_FSM/Lab4_FSM.srcs/sources_1/new/Lab4_FSM.v:1]
	Parameter S0 bound to: 4'b0000 
	Parameter S1 bound to: 4'b0001 
	Parameter S2 bound to: 4'b0011 
	Parameter S3 bound to: 4'b0111 
	Parameter S4 bound to: 4'b1111 
INFO: [Synth 8-638] synthesizing module 'clkgen' [C:/Users/danie/OneDrive/Documents/Basys3-Verilog/Lab4_FSM/Lab4_FSM.srcs/sources_1/new/clkgen.v:2]
INFO: [Synth 8-256] done synthesizing module 'clkgen' (1#1) [C:/Users/danie/OneDrive/Documents/Basys3-Verilog/Lab4_FSM/Lab4_FSM.srcs/sources_1/new/clkgen.v:2]
INFO: [Synth 8-256] done synthesizing module 'FSM' (2#1) [C:/Users/danie/OneDrive/Documents/Basys3-Verilog/Lab4_FSM/Lab4_FSM.srcs/sources_1/new/Lab4_FSM.v:1]
WARNING: [Synth 8-3331] design FSM has unconnected port led[15]
WARNING: [Synth 8-3331] design FSM has unconnected port led[14]
WARNING: [Synth 8-3331] design FSM has unconnected port led[13]
WARNING: [Synth 8-3331] design FSM has unconnected port led[12]
WARNING: [Synth 8-3331] design FSM has unconnected port led[11]
WARNING: [Synth 8-3331] design FSM has unconnected port led[10]
WARNING: [Synth 8-3331] design FSM has unconnected port led[9]
WARNING: [Synth 8-3331] design FSM has unconnected port led[8]
WARNING: [Synth 8-3331] design FSM has unconnected port sw[3]
---------------------------------------------------------------------------------
Finished RTL Elaboration : Time (s): cpu = 00:00:12 ; elapsed = 00:00:13 . Memory (MB): peak = 440.945 ; gain = 148.996
---------------------------------------------------------------------------------

Report Check Netlist: 
+------+------------------+-------+---------+-------+------------------+
|      |Item              |Errors |Warnings |Status |Description       |
+------+------------------+-------+---------+-------+------------------+
|1     |multi_driven_nets |      0|        0|Passed |Multi driven nets |
+------+------------------+-------+---------+-------+------------------+
---------------------------------------------------------------------------------
Finished RTL Optimization Phase 1 : Time (s): cpu = 00:00:13 ; elapsed = 00:00:14 . Memory (MB): peak = 440.945 ; gain = 148.996
---------------------------------------------------------------------------------
INFO: [Device 21-403] Loading part xc7a35tcpg236-1
INFO: [Project 1-570] Preparing netlist for logic optimization

Processing XDC Constraints
Initializing timing engine
Parsing XDC File [C:/Users/danie/OneDrive/Documents/Basys3-Verilog/Lab4_FSM/Basys3_FSM.xdc]
Finished Parsing XDC File [C:/Users/danie/OneDrive/Documents/Basys3-Verilog/Lab4_FSM/Basys3_FSM.xdc]
INFO: [Project 1-236] Implementation specific constraints were found while reading constraint file [C:/Users/danie/OneDrive/Documents/Basys3-Verilog/Lab4_FSM/Basys3_FSM.xdc]. These constraints will be ignored for synthesis but will be used in implementation. Impacted constraints are listed in the file [.Xil/FSM_propImpl.xdc].
Resolution: To avoid this warning, move constraints listed in [.Xil/FSM_propImpl.xdc] to another XDC file and exclude this new file from synthesis with the used_in_synthesis property (File Properties dialog in GUI) and re-run elaboration/synthesis.
Completed Processing XDC Constraints

INFO: [Project 1-111] Unisim Transformation Summary:
No Unisim elements were transformed.

Constraint Validation Runtime : Time (s): cpu = 00:00:00 ; elapsed = 00:00:00.005 . Memory (MB): peak = 762.047 ; gain = 0.000
---------------------------------------------------------------------------------
Finished Constraint Validation : Time (s): cpu = 00:00:33 ; elapsed = 00:00:36 . Memory (MB): peak = 762.047 ; gain = 470.098
---------------------------------------------------------------------------------
---------------------------------------------------------------------------------
Start Loading Part and Timing Information
---------------------------------------------------------------------------------
Loading part: xc7a35tcpg236-1
---------------------------------------------------------------------------------
Finished Loading Part and Timing Information : Time (s): cpu = 00:00:33 ; elapsed = 00:00:36 . Memory (MB): peak = 762.047 ; gain = 470.098
---------------------------------------------------------------------------------
---------------------------------------------------------------------------------
Start Applying 'set_property' XDC Constraints
---------------------------------------------------------------------------------
---------------------------------------------------------------------------------
Finished applying 'set_property' XDC Constraints : Time (s): cpu = 00:00:34 ; elapsed = 00:00:37 . Memory (MB): peak = 762.047 ; gain = 470.098
---------------------------------------------------------------------------------
WARNING: [Synth 8-6014] Unused sequential element count_reg was removed.  [C:/Users/danie/OneDrive/Documents/Basys3-Verilog/Lab4_FSM/Lab4_FSM.srcs/sources_1/new/clkgen.v:11]
INFO: [Synth 8-5544] ROM "nextstate_l" won't be mapped to Block RAM because address size (4) smaller than threshold (5)
INFO: [Synth 8-5544] ROM "nextstate_l" won't be mapped to Block RAM because address size (4) smaller than threshold (5)
INFO: [Synth 8-5544] ROM "nextstate_r" won't be mapped to Block RAM because address size (4) smaller than threshold (5)
INFO: [Synth 8-5544] ROM "nextstate_r" won't be mapped to Block RAM because address size (4) smaller than threshold (5)
WARNING: [Synth 8-327] inferring latch for variable 'nextstate_l_reg' [C:/Users/danie/OneDrive/Documents/Basys3-Verilog/Lab4_FSM/Lab4_FSM.srcs/sources_1/new/Lab4_FSM.v:36]
WARNING: [Synth 8-327] inferring latch for variable 'nextstate_r_reg' [C:/Users/danie/OneDrive/Documents/Basys3-Verilog/Lab4_FSM/Lab4_FSM.srcs/sources_1/new/Lab4_FSM.v:37]
---------------------------------------------------------------------------------
Finished RTL Optimization Phase 2 : Time (s): cpu = 00:00:34 ; elapsed = 00:00:37 . Memory (MB): peak = 762.047 ; gain = 470.098
---------------------------------------------------------------------------------

Report RTL Partitions: 
+-+--------------+------------+----------+
| |RTL Partition |Replication |Instances |
+-+--------------+------------+----------+
+-+--------------+------------+----------+
---------------------------------------------------------------------------------
Start RTL Component Statistics 
---------------------------------------------------------------------------------
Detailed RTL Component Info : 
+---Registers : 
	                4 Bit    Registers := 2     
	                1 Bit    Registers := 1     
+---Muxes : 
	   9 Input      4 Bit        Muxes := 2     
	   2 Input      1 Bit        Muxes := 1     
	   3 Input      1 Bit        Muxes := 1     
---------------------------------------------------------------------------------
Finished RTL Component Statistics 
---------------------------------------------------------------------------------
---------------------------------------------------------------------------------
Start RTL Hierarchical Component Statistics 
---------------------------------------------------------------------------------
Hierarchical RTL Component report 
Module FSM 
Detailed RTL Component Info : 
+---Registers : 
	                4 Bit    Registers := 2     
+---Muxes : 
	   9 Input      4 Bit        Muxes := 2     
	   2 Input      1 Bit        Muxes := 1     
	   3 Input      1 Bit        Muxes := 1     
Module clkgen 
Detailed RTL Component Info : 
+---Registers : 
	                1 Bit    Registers := 1     
---------------------------------------------------------------------------------
Finished RTL Hierarchical Component Statistics
---------------------------------------------------------------------------------
---------------------------------------------------------------------------------
Start Part Resource Summary
---------------------------------------------------------------------------------
Part Resources:
DSPs: 90 (col length:60)
BRAMs: 100 (col length: RAMB18 60 RAMB36 30)
---------------------------------------------------------------------------------
Finished Part Resource Summary
---------------------------------------------------------------------------------
---------------------------------------------------------------------------------
Start Cross Boundary and Area Optimization
---------------------------------------------------------------------------------
WARNING: [Synth 8-6014] Unused sequential element clkgen_0/count_reg was removed.  [C:/Users/danie/OneDrive/Documents/Basys3-Verilog/Lab4_FSM/Lab4_FSM.srcs/sources_1/new/clkgen.v:11]
WARNING: [Synth 8-3331] design FSM has unconnected port led[15]
WARNING: [Synth 8-3331] design FSM has unconnected port led[14]
WARNING: [Synth 8-3331] design FSM has unconnected port led[13]
WARNING: [Synth 8-3331] design FSM has unconnected port led[12]
WARNING: [Synth 8-3331] design FSM has unconnected port led[11]
WARNING: [Synth 8-3331] design FSM has unconnected port led[10]
WARNING: [Synth 8-3331] design FSM has unconnected port led[9]
WARNING: [Synth 8-3331] design FSM has unconnected port led[8]
WARNING: [Synth 8-3331] design FSM has unconnected port sw[3]
---------------------------------------------------------------------------------
Finished Cross Boundary and Area Optimization : Time (s): cpu = 00:00:35 ; elapsed = 00:00:38 . Memory (MB): peak = 762.047 ; gain = 470.098
---------------------------------------------------------------------------------

Report RTL Partitions: 
+-+--------------+------------+----------+
| |RTL Partition |Replication |Instances |
+-+--------------+------------+----------+
+-+--------------+------------+----------+
---------------------------------------------------------------------------------
Start Applying XDC Timing Constraints
---------------------------------------------------------------------------------
---------------------------------------------------------------------------------
Finished Applying XDC Timing Constraints : Time (s): cpu = 00:00:45 ; elapsed = 00:00:48 . Memory (MB): peak = 764.664 ; gain = 472.715
---------------------------------------------------------------------------------
---------------------------------------------------------------------------------
Start Timing Optimization
---------------------------------------------------------------------------------
---------------------------------------------------------------------------------
Finished Timing Optimization : Time (s): cpu = 00:00:45 ; elapsed = 00:00:48 . Memory (MB): peak = 783.758 ; gain = 491.809
---------------------------------------------------------------------------------

Report RTL Partitions: 
+-+--------------+------------+----------+
| |RTL Partition |Replication |Instances |
+-+--------------+------------+----------+
+-+--------------+------------+----------+
---------------------------------------------------------------------------------
Start Technology Mapping
---------------------------------------------------------------------------------
---------------------------------------------------------------------------------
Finished Technology Mapping : Time (s): cpu = 00:00:45 ; elapsed = 00:00:48 . Memory (MB): peak = 784.914 ; gain = 492.965
---------------------------------------------------------------------------------

Report RTL Partitions: 
+-+--------------+------------+----------+
| |RTL Partition |Replication |Instances |
+-+--------------+------------+----------+
+-+--------------+------------+----------+
---------------------------------------------------------------------------------
Start IO Insertion
---------------------------------------------------------------------------------
---------------------------------------------------------------------------------
Start Flattening Before IO Insertion
---------------------------------------------------------------------------------
---------------------------------------------------------------------------------
Finished Flattening Before IO Insertion
---------------------------------------------------------------------------------
---------------------------------------------------------------------------------
Start Final Netlist Cleanup
---------------------------------------------------------------------------------
---------------------------------------------------------------------------------
Finished Final Netlist Cleanup
---------------------------------------------------------------------------------
---------------------------------------------------------------------------------
Finished IO Insertion : Time (s): cpu = 00:00:46 ; elapsed = 00:00:49 . Memory (MB): peak = 784.914 ; gain = 492.965
---------------------------------------------------------------------------------

Report Check Netlist: 
+------+------------------+-------+---------+-------+------------------+
|      |Item              |Errors |Warnings |Status |Description       |
+------+------------------+-------+---------+-------+------------------+
|1     |multi_driven_nets |      0|        0|Passed |Multi driven nets |
+------+------------------+-------+---------+-------+------------------+
---------------------------------------------------------------------------------
Start Renaming Generated Instances
---------------------------------------------------------------------------------
---------------------------------------------------------------------------------
Finished Renaming Generated Instances : Time (s): cpu = 00:00:46 ; elapsed = 00:00:49 . Memory (MB): peak = 784.914 ; gain = 492.965
---------------------------------------------------------------------------------

Report RTL Partitions: 
+-+--------------+------------+----------+
| |RTL Partition |Replication |Instances |
+-+--------------+------------+----------+
+-+--------------+------------+----------+
---------------------------------------------------------------------------------
Start Rebuilding User Hierarchy
---------------------------------------------------------------------------------
---------------------------------------------------------------------------------
Finished Rebuilding User Hierarchy : Time (s): cpu = 00:00:46 ; elapsed = 00:00:49 . Memory (MB): peak = 784.914 ; gain = 492.965
---------------------------------------------------------------------------------
---------------------------------------------------------------------------------
Start Renaming Generated Ports
---------------------------------------------------------------------------------
---------------------------------------------------------------------------------
Finished Renaming Generated Ports : Time (s): cpu = 00:00:46 ; elapsed = 00:00:49 . Memory (MB): peak = 784.914 ; gain = 492.965
---------------------------------------------------------------------------------
---------------------------------------------------------------------------------
Start Handling Custom Attributes
---------------------------------------------------------------------------------
---------------------------------------------------------------------------------
Finished Handling Custom Attributes : Time (s): cpu = 00:00:46 ; elapsed = 00:00:49 . Memory (MB): peak = 784.914 ; gain = 492.965
---------------------------------------------------------------------------------
---------------------------------------------------------------------------------
Start Renaming Generated Nets
---------------------------------------------------------------------------------
---------------------------------------------------------------------------------
Finished Renaming Generated Nets : Time (s): cpu = 00:00:46 ; elapsed = 00:00:49 . Memory (MB): peak = 784.914 ; gain = 492.965
---------------------------------------------------------------------------------
---------------------------------------------------------------------------------
Start Writing Synthesis Report
---------------------------------------------------------------------------------

Report BlackBoxes: 
+-+--------------+----------+
| |BlackBox name |Instances |
+-+--------------+----------+
+-+--------------+----------+

Report Cell Usage: 
+------+-------+------+
|      |Cell   |Count |
+------+-------+------+
|1     |BUFG   |     1|
|2     |CARRY4 |     7|
|3     |LUT1   |     1|
|4     |LUT2   |     4|
|5     |LUT3   |     1|
|6     |LUT5   |     9|
|7     |LUT6   |     3|
|8     |FDRE   |    35|
|9     |LD     |     8|
|10    |IBUF   |     4|
|11    |OBUF   |     8|
|12    |OBUFT  |     8|
+------+-------+------+

Report Instance Areas: 
+------+-----------+-------+------+
|      |Instance   |Module |Cells |
+------+-----------+-------+------+
|1     |top        |       |    89|
|2     |  clkgen_0 |clkgen |    42|
+------+-----------+-------+------+
---------------------------------------------------------------------------------
Finished Writing Synthesis Report : Time (s): cpu = 00:00:46 ; elapsed = 00:00:49 . Memory (MB): peak = 784.914 ; gain = 492.965
---------------------------------------------------------------------------------
Synthesis finished with 0 errors, 0 critical warnings and 13 warnings.
Synthesis Optimization Runtime : Time (s): cpu = 00:00:23 ; elapsed = 00:00:38 . Memory (MB): peak = 784.914 ; gain = 171.863
Synthesis Optimization Complete : Time (s): cpu = 00:00:46 ; elapsed = 00:00:49 . Memory (MB): peak = 784.914 ; gain = 492.965
INFO: [Project 1-571] Translating synthesized netlist
INFO: [Netlist 29-17] Analyzing 19 Unisim elements for replacement
INFO: [Netlist 29-28] Unisim Transformation completed in 0 CPU seconds
INFO: [Project 1-570] Preparing netlist for logic optimization
INFO: [Opt 31-138] Pushed 0 inverter(s) to 0 load pin(s).
INFO: [Project 1-111] Unisim Transformation Summary:
  A total of 8 instances were transformed.
  LD => LDCE: 8 instances

INFO: [Common 17-83] Releasing license: Synthesis
20 Infos, 22 Warnings, 0 Critical Warnings and 0 Errors encountered.
synth_design completed successfully
synth_design: Time (s): cpu = 00:00:48 ; elapsed = 00:00:53 . Memory (MB): peak = 784.914 ; gain = 505.895
INFO: [Common 17-1381] The checkpoint 'C:/Users/danie/OneDrive/Documents/Basys3-Verilog/Lab4_FSM/Lab4_FSM.runs/synth_2/FSM.dcp' has been generated.
INFO: [runtcl-4] Executing : report_utilization -file FSM_utilization_synth.rpt -pb FSM_utilization_synth.pb
report_utilization: Time (s): cpu = 00:00:00 ; elapsed = 00:00:00.028 . Memory (MB): peak = 784.914 ; gain = 0.000
INFO: [Common 17-206] Exiting Vivado at Sat Mar  5 20:08:35 2022...
