#-----------------------------------------------------------
# Vivado v2017.4 (64-bit)
# SW Build 2086221 on Fri Dec 15 20:55:39 MST 2017
# IP Build 2085800 on Fri Dec 15 22:25:07 MST 2017
# Start of session at: Tue Feb 22 15:33:24 2022
# Process ID: 21680
# Current directory: C:/Users/danie/OneDrive/Documents/Basys3-Verilog/Decoder
# Command line: vivado.exe -gui_launcher_event rodinguilauncherevent21904 C:\Users\danie\OneDrive\Documents\Basys3-Verilog\Decoder\Decoder.xpr
# Log file: C:/Users/danie/OneDrive/Documents/Basys3-Verilog/Decoder/vivado.log
# Journal file: C:/Users/danie/OneDrive/Documents/Basys3-Verilog/Decoder\vivado.jou
#-----------------------------------------------------------
start_gui
open_project C:/Users/danie/OneDrive/Documents/Basys3-Verilog/Decoder/Decoder.xpr
Scanning sources...
Finished scanning sources
WARNING: [filemgmt 56-3] IPUserFilesDir: Could not find the directory 'C:/Users/danie/OneDrive/Documents/Basys3-Verilog/Decoder/Decoder.ip_user_files'.
INFO: [IP_Flow 19-234] Refreshing IP repositories
INFO: [IP_Flow 19-1704] No user IP repositories specified
INFO: [IP_Flow 19-2313] Loaded Vivado IP repository 'C:/Xilinx/Vivado/2017.4/data/ip'.
update_compile_order -fileset sources_1
close_project
open_project C:/Users/danie/OneDrive/Documents/Basys3-Verilog/MUX/MUX.xpr
Scanning sources...
Finished scanning sources
ERROR: [Project 1-510] Parsing generated run data failed
open_project C:/Users/danie/OneDrive/Documents/Basys3-Verilog/MUX/MUX.xpr
Scanning sources...
Finished scanning sources
ERROR: [Project 1-510] Parsing generated run data failed
exit
INFO: [Common 17-206] Exiting Vivado at Tue Feb 22 15:34:47 2022...
