#-----------------------------------------------------------
# Vivado v2017.4 (64-bit)
# SW Build 2086221 on Fri Dec 15 20:55:39 MST 2017
# IP Build 2085800 on Fri Dec 15 22:25:07 MST 2017
# Start of session at: Tue Feb 22 15:31:24 2022
# Process ID: 26436
# Current directory: C:/Users/danie/OneDrive/Documents/Basys3-Verilog/Lab3_7segment
# Command line: vivado.exe -gui_launcher_event rodinguilauncherevent20444 C:\Users\danie\OneDrive\Documents\Basys3-Verilog\Lab3_7segment\Lab3_7segment.xpr
# Log file: C:/Users/danie/OneDrive/Documents/Basys3-Verilog/Lab3_7segment/vivado.log
# Journal file: C:/Users/danie/OneDrive/Documents/Basys3-Verilog/Lab3_7segment\vivado.jou
#-----------------------------------------------------------
start_gui
open_project C:/Users/danie/OneDrive/Documents/Basys3-Verilog/Lab3_7segment/Lab3_7segment.xpr
ERROR: [Labtools 27-1429] XML parser encountered a problem in file C:/Users/danie/OneDrive/Documents/Basys3-Verilog/Lab3_7segment/Lab3_7segment.hw/Lab3_7segment.lpr at line 7 : Not well formed
open_project C:/Users/danie/OneDrive/Documents/Basys3-Verilog/Lab3_7segment/Lab3_7segment.xpr
ERROR: [Labtools 27-1429] XML parser encountered a problem in file C:/Users/danie/OneDrive/Documents/Basys3-Verilog/Lab3_7segment/Lab3_7segment.hw/Lab3_7segment.lpr at line 7 : Not well formed
open_project C:/Users/danie/OneDrive/Documents/Basys3-Verilog/Lab3_7segment/Lab3_7segment.xpr
ERROR: [Labtools 27-1429] XML parser encountered a problem in file C:/Users/danie/OneDrive/Documents/Basys3-Verilog/Lab3_7segment/Lab3_7segment.hw/Lab3_7segment.lpr at line 7 : Not well formed
open_project C:/Users/danie/OneDrive/Documents/Basys3-Verilog/Lab3_7segment/Lab3_7segment.xpr
ERROR: [Labtools 27-1429] XML parser encountered a problem in file C:/Users/danie/OneDrive/Documents/Basys3-Verilog/Lab3_7segment/Lab3_7segment.hw/Lab3_7segment.lpr at line 7 : Not well formed
exit
INFO: [Common 17-206] Exiting Vivado at Tue Feb 22 15:32:22 2022...
