Copyright 1986-2017 Xilinx, Inc. All Rights Reserved.
------------------------------------------------------------------------------------------------------------------------
| Tool Version : Vivado v.2017.4 (win64) Build 2086221 Fri Dec 15 20:55:39 MST 2017
| Date         : Mon Mar 14 16:18:18 2022
| Host         : DESKTOP-B8HCSQT running 64-bit major release  (build 9200)
| Command      : report_drc -file Midterm_Top_drc_opted.rpt -pb Midterm_Top_drc_opted.pb -rpx Midterm_Top_drc_opted.rpx
| Design       : Midterm_Top
| Device       : xc7a35tcpg236-1
| Speed File   : -1
| Design State : Synthesized
------------------------------------------------------------------------------------------------------------------------

Report DRC

Table of Contents
-----------------
1. REPORT SUMMARY
2. REPORT DETAILS

1. REPORT SUMMARY
-----------------
            Netlist: netlist
          Floorplan: design_1
      Design limits: <entire design considered>
           Ruledeck: default
             Max violations: <unlimited>
             Violations found: 0
+------+----------+-------------+------------+
| Rule | Severity | Description | Violations |
+------+----------+-------------+------------+
+------+----------+-------------+------------+

2. REPORT DETAILS
-----------------

